2017-08-25 17:16:16,773 - root - INFO - ############################### START ###############################
2017-08-25 17:16:20,396 - root - INFO - SUCCESS    Start a new browser: chrome, Spend 3.6228652000427246 seconds
2017-08-25 17:16:20,694 - root - INFO - SUCCESS    Navigated to http://www.intranet.szjys.com/, Spend 0.29659080505371094 seconds
2017-08-25 17:16:21,829 - root - INFO - SUCCESS    Set browser window maximized, Spend 1.1347508430480957 seconds
2017-08-25 17:16:26,874 - root - INFO - FAIL    Unable to click element: <css->.loginHeaderCurrencyNav_2InId>p:nth-child(2)>, Spend 5.044857025146484 seconds
2017-08-25 17:16:29,940 - root - INFO - SUCCESS    Closed all window and quit the driver, Spend 3.0644686222076416 seconds
2017-08-25 17:16:29,940 - root - INFO - ###############################  End  ###############################
2017-08-25 17:16:29,942 - root - INFO - ############################### START ###############################
2017-08-25 17:16:33,310 - root - INFO - SUCCESS    Start a new browser: chrome, Spend 3.3683955669403076 seconds
2017-08-25 17:16:33,606 - root - INFO - SUCCESS    Navigated to http://www.intranet.szjys.com/, Spend 0.2951512336730957 seconds
2017-08-25 17:16:34,745 - root - INFO - SUCCESS    Set browser window maximized, Spend 1.137770175933838 seconds
2017-08-25 17:16:41,785 - root - INFO - FAIL    Unable to click element: <css->.loginHeaderDefaultSubNotice_1fdD9>span>, Spend 7.039068937301636 seconds
2017-08-25 17:16:44,789 - root - INFO - SUCCESS    Closed all window and quit the driver, Spend 3.0039310455322266 seconds
2017-08-25 17:16:44,789 - root - INFO - ###############################  End  ###############################
2017-08-25 17:16:44,791 - root - INFO - ############################### START ###############################
2017-08-25 17:16:48,201 - root - INFO - SUCCESS    Start a new browser: chrome, Spend 3.4105985164642334 seconds
2017-08-25 17:16:48,501 - root - INFO - SUCCESS    Navigated to http://www.intranet.szjys.com/, Spend 0.29929542541503906 seconds
2017-08-25 17:16:49,644 - root - INFO - SUCCESS    Set browser window maximized, Spend 1.1421821117401123 seconds
2017-08-25 17:16:54,688 - root - INFO - FAIL    Unable to click element: <css->.loginHeaderCurrencyNav_2InId>p:nth-child(3)>, Spend 5.0433173179626465 seconds
2017-08-25 17:17:24,553 - root - INFO - ############################### START ###############################
2017-08-25 17:17:27,957 - root - INFO - SUCCESS    Start a new browser: chrome, Spend 3.4033756256103516 seconds
2017-08-25 17:17:28,249 - root - INFO - SUCCESS    Navigated to http://www.intranet.szjys.com/, Spend 0.29166364669799805 seconds
2017-08-25 17:17:29,386 - root - INFO - SUCCESS    Set browser window maximized, Spend 1.1361784934997559 seconds
2017-08-25 17:21:45,292 - root - INFO - ############################### START ###############################
2017-08-25 17:21:48,699 - root - INFO - SUCCESS    Start a new browser: chrome, Spend 3.406719207763672 seconds
2017-08-25 17:21:49,022 - root - INFO - SUCCESS    Navigated to http://www.intranet.szjys.com/, Spend 0.32158851623535156 seconds
2017-08-25 17:21:50,157 - root - INFO - SUCCESS    Set browser window maximized, Spend 1.1343798637390137 seconds
2017-08-25 17:21:55,205 - root - INFO - FAIL    Unable to click element: <css->.loginHeaderCurrencyNav_2InId>p:nth-child(2)>, Spend 5.0472092628479 seconds
2017-08-25 17:21:58,255 - root - INFO - SUCCESS    Closed all window and quit the driver, Spend 3.049307107925415 seconds
2017-08-25 17:21:58,256 - root - INFO - ###############################  End  ###############################
2017-08-25 17:21:58,257 - root - INFO - ############################### START ###############################
2017-08-25 17:22:01,682 - root - INFO - SUCCESS    Start a new browser: chrome, Spend 3.423677682876587 seconds
2017-08-25 17:22:02,160 - root - INFO - SUCCESS    Navigated to http://www.intranet.szjys.com/, Spend 0.4782683849334717 seconds
2017-08-25 17:22:04,173 - root - INFO - ############################### START ###############################
2017-08-25 17:22:41,275 - root - INFO - ############################### START ###############################
2017-08-25 17:22:44,668 - root - INFO - SUCCESS    Start a new browser: chrome, Spend 3.3924105167388916 seconds
2017-08-25 17:22:44,960 - root - INFO - SUCCESS    Navigated to http://www.intranet.szjys.com/, Spend 0.29093289375305176 seconds
2017-08-25 17:22:46,101 - root - INFO - SUCCESS    Set browser window maximized, Spend 1.1403145790100098 seconds
2017-08-25 17:24:10,342 - root - INFO - ############################### START ###############################
2017-08-25 17:24:13,741 - root - INFO - SUCCESS    Start a new browser: chrome, Spend 3.3974969387054443 seconds
2017-08-25 17:24:14,670 - root - INFO - SUCCESS    Navigated to http://www.szjys.com/, Spend 0.9278368949890137 seconds
2017-08-25 17:24:15,808 - root - INFO - SUCCESS    Set browser window maximized, Spend 1.1375315189361572 seconds
2017-08-25 17:24:20,846 - root - INFO - FAIL    Unable to click element: <css->.loginHeaderCurrencyNav_2InId>p:nth-child(2)>, Spend 5.037391901016235 seconds
2017-08-25 17:24:23,892 - root - INFO - SUCCESS    Closed all window and quit the driver, Spend 3.0460402965545654 seconds
2017-08-25 17:24:23,893 - root - INFO - ###############################  End  ###############################
2017-08-25 17:24:23,894 - root - INFO - ############################### START ###############################
2017-08-25 17:24:27,287 - root - INFO - SUCCESS    Start a new browser: chrome, Spend 3.3922977447509766 seconds
2017-08-25 17:24:28,256 - root - INFO - SUCCESS    Navigated to http://www.szjys.com/, Spend 0.9693644046783447 seconds
2017-08-25 17:24:29,392 - root - INFO - SUCCESS    Set browser window maximized, Spend 1.1346428394317627 seconds
2017-08-25 17:24:34,433 - root - INFO - FAIL    Unable to click element: <css->.loginHeaderDefaultSubNotice_1fdD9>span>, Spend 5.040626764297485 seconds
2017-08-25 17:24:37,494 - root - INFO - SUCCESS    Closed all window and quit the driver, Spend 3.060957193374634 seconds
2017-08-25 17:24:37,494 - root - INFO - ###############################  End  ###############################
2017-08-25 17:24:37,495 - root - INFO - ############################### START ###############################
2017-08-25 17:24:40,857 - root - INFO - SUCCESS    Start a new browser: chrome, Spend 3.361558437347412 seconds
2017-08-25 17:24:41,802 - root - INFO - SUCCESS    Navigated to http://www.szjys.com/, Spend 0.9446680545806885 seconds
2017-08-25 17:24:42,938 - root - INFO - SUCCESS    Set browser window maximized, Spend 1.1354517936706543 seconds
2017-08-25 17:24:47,976 - root - INFO - FAIL    Unable to click element: <css->.loginHeaderCurrencyNav_2InId>p:nth-child(3)>, Spend 5.0378735065460205 seconds
2017-08-25 17:24:50,994 - root - INFO - SUCCESS    Closed all window and quit the driver, Spend 3.0173189640045166 seconds
2017-08-25 17:24:50,995 - root - INFO - ###############################  End  ###############################
2017-08-25 17:24:50,995 - root - INFO - ############################### START ###############################
2017-08-25 17:24:54,384 - root - INFO - SUCCESS    Start a new browser: chrome, Spend 3.389000654220581 seconds
2017-08-25 17:24:55,397 - root - INFO - SUCCESS    Navigated to http://www.szjys.com/, Spend 1.0122616291046143 seconds
