2017-12-05 09:33:46,980 - root - INFO - ############################### START ###############################
2017-12-05 09:33:50,848 - root - INFO - SUCCESS    Start a new browser: chrome, Spend 3.8675944805145264 seconds
2017-12-05 09:33:54,255 - root - INFO - SUCCESS    Navigated to http://pre-www.dae.org/, Spend 3.40676212310791 seconds
2017-12-05 09:33:55,418 - root - INFO - SUCCESS    Set browser window maximized, Spend 1.1630935668945312 seconds
2017-12-05 09:33:55,771 - root - INFO - SUCCESS    Clicked element: <link_text->登录>, Spend 0.35222506523132324 seconds
2017-12-05 09:33:56,907 - root - INFO - SUCCESS    Clicked element: <name->email>, Spend 1.1355485916137695 seconds
2017-12-05 09:33:57,065 - root - INFO - SUCCESS    Typed element: <name->email> content: 1527328977, Spend 0.15741848945617676 seconds
2017-12-05 09:33:57,296 - root - INFO - SUCCESS    Clicked element: <name->password>, Spend 0.23061323165893555 seconds
2017-12-05 09:33:57,391 - root - INFO - SUCCESS    Typed element: <name->password> content: test123, Spend 0.0937490463256836 seconds
2017-12-05 09:34:00,425 - root - INFO - SUCCESS    Closed all window and quit the driver, Spend 3.033672332763672 seconds
2017-12-05 09:34:00,426 - root - INFO - ###############################  End  ###############################
2017-12-05 13:33:04,112 - root - INFO - ############################### START ###############################
2017-12-05 13:33:07,949 - root - INFO - SUCCESS    Start a new browser: chrome, Spend 3.8365445137023926 seconds
2017-12-05 13:33:11,352 - root - INFO - SUCCESS    Navigated to http://pre-www.dae.org/, Spend 3.4015417098999023 seconds
2017-12-05 13:33:12,525 - root - INFO - SUCCESS    Set browser window maximized, Spend 1.172616958618164 seconds
2017-12-05 13:33:12,796 - root - INFO - SUCCESS    Clicked element: <link_text->登录>, Spend 0.27069854736328125 seconds
2017-12-05 13:33:13,955 - root - INFO - SUCCESS    Clicked element: <name->email>, Spend 1.157944679260254 seconds
2017-12-05 13:33:14,078 - root - INFO - SUCCESS    Typed element: <name->email> content: 1527328977, Spend 0.12182378768920898 seconds
2017-12-05 13:33:14,299 - root - INFO - SUCCESS    Clicked element: <name->password>, Spend 0.2195894718170166 seconds
2017-12-05 13:33:14,396 - root - INFO - SUCCESS    Typed element: <name->password> content: test123, Spend 0.09625530242919922 seconds
2017-12-05 13:33:17,512 - root - INFO - SUCCESS    Closed all window and quit the driver, Spend 3.0493762493133545 seconds
2017-12-05 13:33:17,513 - root - INFO - ###############################  End  ###############################
2017-12-05 13:36:10,587 - root - INFO - ############################### START ###############################
2017-12-05 13:36:14,314 - root - INFO - SUCCESS    Start a new browser: chrome, Spend 3.7269070148468018 seconds
2017-12-05 13:36:17,662 - root - INFO - SUCCESS    Navigated to http://pre-www.dae.org/, Spend 3.34678316116333 seconds
2017-12-05 13:36:18,838 - root - INFO - SUCCESS    Set browser window maximized, Spend 1.1741018295288086 seconds
2017-12-05 13:36:19,163 - root - INFO - SUCCESS    Clicked element: <link_text->登录>, Spend 0.32401609420776367 seconds
2017-12-05 13:36:20,278 - root - INFO - SUCCESS    Clicked element: <name->email>, Spend 1.1141467094421387 seconds
2017-12-05 13:36:20,479 - root - INFO - SUCCESS    Typed element: <name->email> content: 1527328977, Spend 0.20003294944763184 seconds
2017-12-05 13:36:20,695 - root - INFO - SUCCESS    Clicked element: <name->password>, Spend 0.2150726318359375 seconds
2017-12-05 13:36:20,799 - root - INFO - SUCCESS    Typed element: <name->password> content: test123, Spend 0.10327482223510742 seconds
2017-12-05 13:36:23,894 - root - INFO - SUCCESS    Closed all window and quit the driver, Spend 3.0339601039886475 seconds
2017-12-05 13:36:23,895 - root - INFO - ###############################  End  ###############################
2017-12-05 13:41:12,002 - root - INFO - ############################### START ###############################
2017-12-05 13:41:15,693 - root - INFO - SUCCESS    Start a new browser: chrome, Spend 3.690861940383911 seconds
2017-12-05 13:41:21,461 - root - INFO - SUCCESS    Navigated to http://pre-www.dae.org/, Spend 5.76754355430603 seconds
2017-12-05 13:41:22,635 - root - INFO - SUCCESS    Set browser window maximized, Spend 1.1726176738739014 seconds
2017-12-05 13:41:22,946 - root - INFO - SUCCESS    Clicked element: <link_text->登录>, Spend 0.3099987506866455 seconds
2017-12-05 13:41:24,046 - root - INFO - SUCCESS    Clicked element: <name->email>, Spend 1.0995862483978271 seconds
2017-12-05 13:41:24,155 - root - INFO - SUCCESS    Typed element: <name->email> content: 1527328977, Spend 0.10878872871398926 seconds
2017-12-05 13:41:24,337 - root - INFO - SUCCESS    Clicked element: <name->password>, Spend 0.18148589134216309 seconds
2017-12-05 13:41:24,408 - root - INFO - SUCCESS    Typed element: <name->password> content: test123, Spend 0.07018780708312988 seconds
2017-12-05 13:41:27,485 - root - INFO - SUCCESS    Closed all window and quit the driver, Spend 3.0297067165374756 seconds
2017-12-05 13:41:27,486 - root - INFO - ###############################  End  ###############################
2017-12-05 13:46:41,916 - root - INFO - ############################### START ###############################
2017-12-05 13:46:45,621 - root - INFO - SUCCESS    Start a new browser: chrome, Spend 3.7037885189056396 seconds
2017-12-05 13:46:50,011 - root - INFO - SUCCESS    Navigated to http://pre-www.dae.org/, Spend 4.389932632446289 seconds
2017-12-05 13:46:51,158 - root - INFO - SUCCESS    Set browser window maximized, Spend 1.1460473537445068 seconds
2017-12-05 13:46:51,484 - root - INFO - SUCCESS    Clicked element: <link_text->登录>, Spend 0.32503747940063477 seconds
2017-12-05 13:46:52,591 - root - INFO - SUCCESS    Clicked element: <name->email>, Spend 1.1068451404571533 seconds
2017-12-05 13:46:52,741 - root - INFO - SUCCESS    Typed element: <name->email> content: 1527328977, Spend 0.14839410781860352 seconds
2017-12-05 13:46:52,923 - root - INFO - SUCCESS    Clicked element: <name->password>, Spend 0.18198323249816895 seconds
2017-12-05 13:46:53,087 - root - INFO - SUCCESS    Typed element: <name->password> content: test123, Spend 0.16343474388122559 seconds
2017-12-05 13:46:56,234 - root - INFO - SUCCESS    Closed all window and quit the driver, Spend 3.0602517127990723 seconds
2017-12-05 13:46:56,235 - root - INFO - ###############################  End  ###############################
2017-12-05 13:58:50,896 - root - INFO - ############################### START ###############################
2017-12-05 13:58:54,612 - root - INFO - SUCCESS    Start a new browser: chrome, Spend 3.715684652328491 seconds
2017-12-05 13:58:58,620 - root - INFO - SUCCESS    Navigated to http://pre-www.dae.org/, Spend 4.006706237792969 seconds
2017-12-05 13:58:59,792 - root - INFO - SUCCESS    Set browser window maximized, Spend 1.1716153621673584 seconds
2017-12-05 13:59:00,103 - root - INFO - SUCCESS    Clicked element: <link_text->登录>, Spend 0.3097858428955078 seconds
2017-12-05 13:59:01,256 - root - INFO - SUCCESS    Clicked element: <name->email>, Spend 1.1522808074951172 seconds
2017-12-05 13:59:01,367 - root - INFO - SUCCESS    Typed element: <name->email> content: 1527328977, Spend 0.11029362678527832 seconds
2017-12-05 13:59:01,548 - root - INFO - SUCCESS    Clicked element: <name->password>, Spend 0.1799774169921875 seconds
2017-12-05 13:59:01,698 - root - INFO - SUCCESS    Typed element: <name->password> content: test123, Spend 0.14939641952514648 seconds
2017-12-05 13:59:04,817 - root - INFO - SUCCESS    Closed all window and quit the driver, Spend 3.0434582233428955 seconds
2017-12-05 13:59:04,818 - root - INFO - ###############################  End  ###############################
2017-12-05 14:03:09,173 - root - INFO - ############################### START ###############################
2017-12-05 14:03:12,891 - root - INFO - SUCCESS    Start a new browser: chrome, Spend 3.7172868251800537 seconds
2017-12-05 14:03:17,594 - root - INFO - SUCCESS    Navigated to http://pre-www.dae.org/, Spend 4.70288610458374 seconds
2017-12-05 14:03:18,759 - root - INFO - SUCCESS    Set browser window maximized, Spend 1.164095163345337 seconds
2017-12-05 14:03:19,082 - root - INFO - SUCCESS    Clicked element: <link_text->登录>, Spend 0.3221912384033203 seconds
2017-12-05 14:03:20,217 - root - INFO - SUCCESS    Clicked element: <name->email>, Spend 1.1340813636779785 seconds
2017-12-05 14:03:20,413 - root - INFO - SUCCESS    Typed element: <name->email> content: 1527328977, Spend 0.19451570510864258 seconds
2017-12-05 14:03:20,512 - root - INFO - SUCCESS    Clicked element: <name->password>, Spend 0.09826135635375977 seconds
2017-12-05 14:03:20,602 - root - INFO - SUCCESS    Typed element: <name->password> content: test123, Spend 0.0902400016784668 seconds
2017-12-05 14:03:23,705 - root - INFO - SUCCESS    Closed all window and quit the driver, Spend 3.049630880355835 seconds
2017-12-05 14:03:23,706 - root - INFO - ###############################  End  ###############################
2017-12-05 14:04:59,206 - root - INFO - ############################### START ###############################
2017-12-05 14:05:02,724 - root - INFO - SUCCESS    Start a new browser: chrome, Spend 3.5174992084503174 seconds
2017-12-05 14:05:06,336 - root - INFO - SUCCESS    Navigated to http://pre-www.dae.org/, Spend 3.61134672164917 seconds
2017-12-05 14:05:07,504 - root - INFO - SUCCESS    Set browser window maximized, Spend 1.1669256687164307 seconds
2017-12-05 14:05:07,773 - root - INFO - SUCCESS    Clicked element: <link_text->登录>, Spend 0.2678380012512207 seconds
2017-12-05 14:05:08,926 - root - INFO - SUCCESS    Clicked element: <name->email>, Spend 1.1518909931182861 seconds
2017-12-05 14:05:09,109 - root - INFO - SUCCESS    Typed element: <name->email> content: 1527328977, Spend 0.18148422241210938 seconds
2017-12-05 14:05:09,376 - root - INFO - SUCCESS    Clicked element: <name->password>, Spend 0.2673168182373047 seconds
2017-12-05 14:05:09,543 - root - INFO - SUCCESS    Typed element: <name->password> content: test123, Spend 0.1663038730621338 seconds
2017-12-05 14:05:12,788 - root - INFO - SUCCESS    Closed all window and quit the driver, Spend 3.0835001468658447 seconds
2017-12-05 14:05:12,789 - root - INFO - ###############################  End  ###############################
2017-12-05 14:06:59,489 - root - INFO - ############################### START ###############################
2017-12-05 14:07:03,196 - root - INFO - SUCCESS    Start a new browser: chrome, Spend 3.706015110015869 seconds
2017-12-05 14:07:07,296 - root - INFO - SUCCESS    Navigated to http://pre-www.dae.org/, Spend 4.098801612854004 seconds
2017-12-05 14:07:08,449 - root - INFO - SUCCESS    Set browser window maximized, Spend 1.15189528465271 seconds
2017-12-05 14:07:08,727 - root - INFO - SUCCESS    Clicked element: <link_text->登录>, Spend 0.2768983840942383 seconds
2017-12-05 14:07:09,921 - root - INFO - SUCCESS    Clicked element: <name->email>, Spend 1.193080186843872 seconds
2017-12-05 14:07:10,119 - root - INFO - SUCCESS    Typed element: <name->email> content: 1527328977, Spend 0.19652295112609863 seconds
2017-12-05 14:07:10,363 - root - INFO - SUCCESS    Clicked element: <name->password>, Spend 0.24332618713378906 seconds
2017-12-05 14:07:10,506 - root - INFO - SUCCESS    Typed element: <name->password> content: test123, Spend 0.14238619804382324 seconds
2017-12-05 14:07:13,642 - root - INFO - SUCCESS    Closed all window and quit the driver, Spend 3.0465173721313477 seconds
2017-12-05 14:07:13,643 - root - INFO - ###############################  End  ###############################
2017-12-05 14:08:00,706 - root - INFO - ############################### START ###############################
2017-12-05 14:08:04,425 - root - INFO - SUCCESS    Start a new browser: chrome, Spend 3.7178192138671875 seconds
2017-12-05 14:08:08,364 - root - INFO - SUCCESS    Navigated to http://pre-www.dae.org/, Spend 3.9368863105773926 seconds
2017-12-05 14:08:09,543 - root - INFO - SUCCESS    Set browser window maximized, Spend 1.177994966506958 seconds
2017-12-05 14:08:09,745 - root - INFO - SUCCESS    Clicked element: <link_text->登录>, Spend 0.19973087310791016 seconds
2017-12-05 14:08:10,954 - root - INFO - SUCCESS    Clicked element: <name->email>, Spend 1.2080938816070557 seconds
2017-12-05 14:08:11,113 - root - INFO - SUCCESS    Typed element: <name->email> content: 1527328977, Spend 0.15691757202148438 seconds
2017-12-05 14:08:11,354 - root - INFO - SUCCESS    Clicked element: <name->password>, Spend 0.24014067649841309 seconds
2017-12-05 14:08:11,473 - root - INFO - SUCCESS    Typed element: <name->password> content: test123, Spend 0.1178135871887207 seconds
2017-12-05 14:08:14,580 - root - INFO - SUCCESS    Closed all window and quit the driver, Spend 3.043649196624756 seconds
2017-12-05 14:08:14,583 - root - INFO - ###############################  End  ###############################
2017-12-05 14:08:22,289 - root - INFO - ############################### START ###############################
2017-12-05 14:08:26,041 - root - INFO - SUCCESS    Start a new browser: chrome, Spend 3.749246120452881 seconds
2017-12-05 14:08:33,239 - root - INFO - SUCCESS    Navigated to http://pre-www.dae.org/, Spend 7.195475101470947 seconds
2017-12-05 14:08:34,414 - root - INFO - SUCCESS    Set browser window maximized, Spend 1.1742637157440186 seconds
2017-12-05 14:08:34,727 - root - INFO - SUCCESS    Clicked element: <link_text->登录>, Spend 0.31172943115234375 seconds
2017-12-05 14:08:35,889 - root - INFO - SUCCESS    Clicked element: <name->email>, Spend 1.1592893600463867 seconds
2017-12-05 14:08:35,996 - root - INFO - SUCCESS    Typed element: <name->email> content: 1527328977, Spend 0.10540246963500977 seconds
2017-12-05 14:08:36,131 - root - INFO - SUCCESS    Clicked element: <name->password>, Spend 0.13385605812072754 seconds
2017-12-05 14:08:36,210 - root - INFO - SUCCESS    Typed element: <name->password> content: test123, Spend 0.07720565795898438 seconds
2017-12-05 14:08:39,307 - root - INFO - SUCCESS    Closed all window and quit the driver, Spend 3.0378453731536865 seconds
2017-12-05 14:08:39,309 - root - INFO - ###############################  End  ###############################
2017-12-05 14:09:28,103 - root - INFO - ############################### START ###############################
2017-12-05 14:09:31,792 - root - INFO - SUCCESS    Start a new browser: chrome, Spend 3.687675714492798 seconds
2017-12-05 14:09:36,923 - root - INFO - SUCCESS    Navigated to http://pre-www.dae.org/, Spend 5.128719329833984 seconds
2017-12-05 14:09:38,105 - root - INFO - SUCCESS    Set browser window maximized, Spend 1.1781301498413086 seconds
2017-12-05 14:09:38,410 - root - INFO - SUCCESS    Clicked element: <link_text->登录>, Spend 0.30348825454711914 seconds
2017-12-05 14:09:39,535 - root - INFO - SUCCESS    Clicked element: <name->email>, Spend 1.122926950454712 seconds
2017-12-05 14:09:39,653 - root - INFO - SUCCESS    Typed element: <name->email> content: 1527328977, Spend 0.11731100082397461 seconds
2017-12-05 14:09:39,853 - root - INFO - SUCCESS    Clicked element: <name->password>, Spend 0.19902968406677246 seconds
2017-12-05 14:09:39,961 - root - INFO - SUCCESS    Typed element: <name->password> content: test123, Spend 0.10578441619873047 seconds
2017-12-05 14:09:58,754 - root - INFO - SUCCESS    Closed all window and quit the driver, Spend 3.0615015029907227 seconds
2017-12-05 14:09:58,757 - root - INFO - ###############################  End  ###############################
2017-12-05 14:11:08,572 - root - INFO - ############################### START ###############################
2017-12-05 14:11:12,309 - root - INFO - SUCCESS    Start a new browser: chrome, Spend 3.735605239868164 seconds
2017-12-05 14:11:21,007 - root - INFO - SUCCESS    Navigated to http://pre-www.dae.org/, Spend 8.697410345077515 seconds
2017-12-05 14:11:22,184 - root - INFO - SUCCESS    Set browser window maximized, Spend 1.1756255626678467 seconds
2017-12-05 14:11:22,500 - root - INFO - SUCCESS    Clicked element: <link_text->登录>, Spend 0.3157157897949219 seconds
2017-12-05 14:11:25,644 - root - INFO - SUCCESS    Clicked element: <name->email>, Spend 3.1432857513427734 seconds
2017-12-05 14:11:25,754 - root - INFO - SUCCESS    Typed element: <name->email> content: 1527328977, Spend 0.10932755470275879 seconds
2017-12-05 14:11:25,938 - root - INFO - SUCCESS    Clicked element: <name->password>, Spend 0.18424391746520996 seconds
2017-12-05 14:11:26,016 - root - INFO - SUCCESS    Typed element: <name->password> content: test123, Spend 0.07670378684997559 seconds
2017-12-05 14:11:29,105 - root - INFO - SUCCESS    Closed all window and quit the driver, Spend 3.0293264389038086 seconds
2017-12-05 14:11:29,107 - root - INFO - ###############################  End  ###############################
2017-12-05 14:11:32,833 - root - INFO - ############################### START ###############################
2017-12-05 14:11:36,343 - root - INFO - SUCCESS    Start a new browser: chrome, Spend 3.509164333343506 seconds
2017-12-05 14:11:40,378 - root - INFO - SUCCESS    Navigated to http://pre-www.dae.org/, Spend 4.034796714782715 seconds
2017-12-05 14:11:41,539 - root - INFO - SUCCESS    Set browser window maximized, Spend 1.160334825515747 seconds
2017-12-05 14:11:41,884 - root - INFO - SUCCESS    Clicked element: <link_text->登录>, Spend 0.34296154975891113 seconds
2017-12-05 14:11:42,972 - root - INFO - SUCCESS    Clicked element: <name->email>, Spend 1.0877082347869873 seconds
2017-12-05 14:11:43,082 - root - INFO - SUCCESS    Typed element: <name->email> content: 1527328977, Spend 0.10929083824157715 seconds
2017-12-05 14:11:43,310 - root - INFO - SUCCESS    Clicked element: <name->password>, Spend 0.22690510749816895 seconds
2017-12-05 14:11:43,490 - root - INFO - SUCCESS    Typed element: <name->password> content: test123, Spend 0.1795949935913086 seconds
2017-12-05 14:11:46,566 - root - INFO - SUCCESS    Closed all window and quit the driver, Spend 3.027669668197632 seconds
2017-12-05 14:11:46,567 - root - INFO - ###############################  End  ###############################
2017-12-05 14:11:52,178 - root - INFO - ############################### START ###############################
2017-12-05 14:11:55,889 - root - INFO - SUCCESS    Start a new browser: chrome, Spend 3.7092154026031494 seconds
2017-12-05 14:12:01,470 - root - INFO - SUCCESS    Navigated to http://pre-www.dae.org/, Spend 5.579035758972168 seconds
2017-12-05 14:12:02,621 - root - INFO - SUCCESS    Set browser window maximized, Spend 1.149803638458252 seconds
2017-12-05 14:12:02,932 - root - INFO - SUCCESS    Clicked element: <link_text->登录>, Spend 0.30948829650878906 seconds
2017-12-05 14:12:04,051 - root - INFO - SUCCESS    Clicked element: <name->email>, Spend 1.117161512374878 seconds
2017-12-05 14:12:04,159 - root - INFO - SUCCESS    Typed element: <name->email> content: 1527328977, Spend 0.10678267478942871 seconds
2017-12-05 14:12:04,402 - root - INFO - SUCCESS    Clicked element: <name->password>, Spend 0.24064016342163086 seconds
2017-12-05 14:12:04,508 - root - INFO - SUCCESS    Typed element: <name->password> content: test123, Spend 0.10478091239929199 seconds
2017-12-05 14:53:17,068 - root - INFO - ############################### START ###############################
2017-12-05 14:53:20,837 - root - INFO - SUCCESS    Start a new browser: chrome, Spend 3.7694454193115234 seconds
2017-12-05 14:53:24,856 - root - INFO - SUCCESS    Navigated to http://pre-www.dae.org/, Spend 4.0179526805877686 seconds
2017-12-05 14:53:26,020 - root - INFO - SUCCESS    Set browser window maximized, Spend 1.1625921726226807 seconds
2017-12-05 14:53:26,364 - root - INFO - SUCCESS    Clicked element: <link_text->登录>, Spend 0.34381604194641113 seconds
2017-12-05 14:53:27,470 - root - INFO - SUCCESS    Clicked element: <name->email>, Spend 1.1048345565795898 seconds
2017-12-05 14:53:27,576 - root - INFO - SUCCESS    Typed element: <name->email> content: 1527328977, Spend 0.10477495193481445 seconds
2017-12-05 14:53:27,774 - root - INFO - SUCCESS    Clicked element: <name->password>, Spend 0.1975259780883789 seconds
2017-12-05 14:53:27,894 - root - INFO - SUCCESS    Typed element: <name->password> content: test123, Spend 0.11931610107421875 seconds
2017-12-05 14:53:31,046 - root - INFO - SUCCESS    Closed all window and quit the driver, Spend 3.0485544204711914 seconds
2017-12-05 14:53:31,047 - root - INFO - ###############################  End  ###############################
2017-12-05 14:54:25,404 - root - INFO - ############################### START ###############################
2017-12-05 14:54:29,141 - root - INFO - SUCCESS    Start a new browser: chrome, Spend 3.7357184886932373 seconds
2017-12-05 14:54:32,660 - root - INFO - SUCCESS    Navigated to http://pre-www.dae.org/, Spend 3.5165553092956543 seconds
2017-12-05 14:54:33,832 - root - INFO - SUCCESS    Set browser window maximized, Spend 1.1701099872589111 seconds
2017-12-05 14:54:34,155 - root - INFO - SUCCESS    Clicked element: <link_text->登录>, Spend 0.3217780590057373 seconds
2017-12-05 14:54:36,412 - root - INFO - SUCCESS    Clicked element: <name->email>, Spend 2.2555272579193115 seconds
2017-12-05 14:54:36,556 - root - INFO - SUCCESS    Typed element: <name->email> content: 1527328977, Spend 0.1423795223236084 seconds
2017-12-05 14:54:36,713 - root - INFO - SUCCESS    Clicked element: <name->password>, Spend 0.15591073036193848 seconds
2017-12-05 14:54:36,798 - root - INFO - SUCCESS    Typed element: <name->password> content: test123, Spend 0.0832207202911377 seconds
2017-12-05 14:54:39,954 - root - INFO - SUCCESS    Closed all window and quit the driver, Spend 3.0709800720214844 seconds
2017-12-05 14:54:39,958 - root - INFO - ###############################  End  ###############################
2017-12-05 14:55:20,473 - root - INFO - ############################### START ###############################
2017-12-05 14:55:23,965 - root - INFO - SUCCESS    Start a new browser: chrome, Spend 3.4917407035827637 seconds
2017-12-05 14:55:28,102 - root - INFO - SUCCESS    Navigated to http://pre-www.dae.org/, Spend 4.13423228263855 seconds
2017-12-05 14:55:29,269 - root - INFO - SUCCESS    Set browser window maximized, Spend 1.1660983562469482 seconds
2017-12-05 14:55:29,649 - root - INFO - SUCCESS    Clicked element: <link_text->登录>, Spend 0.378176212310791 seconds
2017-12-05 14:55:30,764 - root - INFO - SUCCESS    Clicked element: <name->email>, Spend 1.1128718852996826 seconds
2017-12-05 14:55:30,931 - root - INFO - SUCCESS    Typed element: <name->email> content: 1527328977, Spend 0.16594147682189941 seconds
2017-12-05 14:55:31,088 - root - INFO - SUCCESS    Clicked element: <name->password>, Spend 0.15641403198242188 seconds
2017-12-05 14:55:31,255 - root - INFO - SUCCESS    Typed element: <name->password> content: test123, Spend 0.16494011878967285 seconds
2017-12-05 14:55:34,368 - root - INFO - SUCCESS    Closed all window and quit the driver, Spend 3.061005115509033 seconds
2017-12-05 14:55:34,370 - root - INFO - ###############################  End  ###############################
2017-12-05 14:56:01,182 - root - INFO - ############################### START ###############################
2017-12-05 14:56:04,706 - root - INFO - SUCCESS    Start a new browser: chrome, Spend 3.522191286087036 seconds
2017-12-05 14:56:08,657 - root - INFO - SUCCESS    Navigated to http://pre-www.dae.org/, Spend 3.9491093158721924 seconds
2017-12-05 14:56:09,832 - root - INFO - SUCCESS    Set browser window maximized, Spend 1.1741228103637695 seconds
2017-12-05 14:56:09,974 - root - INFO - SUCCESS    Clicked element: <link_text->登录>, Spend 0.14110112190246582 seconds
2017-12-05 14:56:11,075 - root - INFO - SUCCESS    Clicked element: <name->email>, Spend 1.0991063117980957 seconds
2017-12-05 14:56:11,201 - root - INFO - SUCCESS    Typed element: <name->email> content: 1527328977, Spend 0.12583446502685547 seconds
2017-12-05 14:56:11,421 - root - INFO - SUCCESS    Clicked element: <name->password>, Spend 0.21758031845092773 seconds
2017-12-05 14:56:11,508 - root - INFO - SUCCESS    Typed element: <name->password> content: test123, Spend 0.08572745323181152 seconds
2017-12-05 14:56:14,622 - root - INFO - SUCCESS    Closed all window and quit the driver, Spend 3.057976484298706 seconds
2017-12-05 14:56:14,624 - root - INFO - ###############################  End  ###############################
2017-12-05 15:00:50,279 - root - INFO - ############################### START ###############################
2017-12-05 15:00:53,987 - root - INFO - SUCCESS    Start a new browser: chrome, Spend 3.7067325115203857 seconds
2017-12-05 15:00:58,911 - root - INFO - SUCCESS    Navigated to http://pre-www.dae.org/, Spend 4.921998023986816 seconds
2017-12-05 15:01:00,069 - root - INFO - SUCCESS    Set browser window maximized, Spend 1.155571699142456 seconds
2017-12-05 15:01:00,360 - root - INFO - SUCCESS    Clicked element: <link_text->登录>, Spend 0.2897768020629883 seconds
2017-12-05 15:01:01,512 - root - INFO - SUCCESS    Clicked element: <name->email>, Spend 1.1492736339569092 seconds
2017-12-05 15:01:01,672 - root - INFO - SUCCESS    Typed element: <name->email> content: 1527328977, Spend 0.15892291069030762 seconds
2017-12-05 15:01:01,831 - root - INFO - SUCCESS    Clicked element: <name->password>, Spend 0.1584186553955078 seconds
2017-12-05 15:01:01,938 - root - INFO - SUCCESS    Typed element: <name->password> content: test123, Spend 0.10477805137634277 seconds
2017-12-05 15:01:02,141 - root - INFO - FAIL    Unable to type element: <name->imageCode> content: [None], Spend 0.09425139427185059 seconds
2017-12-05 15:01:05,186 - root - INFO - SUCCESS    Closed all window and quit the driver, Spend 3.043992280960083 seconds
2017-12-05 15:01:05,187 - root - INFO - ###############################  End  ###############################
2017-12-05 15:01:33,532 - root - INFO - ############################### START ###############################
2017-12-05 15:01:37,022 - root - INFO - SUCCESS    Start a new browser: chrome, Spend 3.4881434440612793 seconds
2017-12-05 15:01:40,228 - root - INFO - SUCCESS    Navigated to http://pre-www.dae.org/, Spend 3.2041192054748535 seconds
2017-12-05 15:01:41,403 - root - INFO - SUCCESS    Set browser window maximized, Spend 1.1726176738739014 seconds
2017-12-05 15:01:41,720 - root - INFO - SUCCESS    Clicked element: <link_text->登录>, Spend 0.3151073455810547 seconds
2017-12-05 15:01:42,863 - root - INFO - SUCCESS    Clicked element: <name->email>, Spend 1.1411726474761963 seconds
2017-12-05 15:01:42,976 - root - INFO - SUCCESS    Typed element: <name->email> content: 1527328977, Spend 0.11229848861694336 seconds
2017-12-05 15:01:43,201 - root - INFO - SUCCESS    Clicked element: <name->password>, Spend 0.22309350967407227 seconds
2017-12-05 15:01:43,308 - root - INFO - SUCCESS    Typed element: <name->password> content: test123, Spend 0.1067819595336914 seconds
2017-12-05 15:06:44,047 - root - INFO - ############################### START ###############################
2017-12-05 15:06:47,709 - root - INFO - SUCCESS    Start a new browser: chrome, Spend 3.6605937480926514 seconds
2017-12-05 15:07:07,031 - root - INFO - SUCCESS    Navigated to http://pre-www.dae.org/, Spend 19.320833444595337 seconds
2017-12-05 15:07:08,200 - root - INFO - SUCCESS    Set browser window maximized, Spend 1.16660475730896 seconds
2017-12-05 15:07:08,543 - root - INFO - SUCCESS    Clicked element: <link_text->登录>, Spend 0.3401353359222412 seconds
2017-12-05 15:07:09,635 - root - INFO - SUCCESS    Clicked element: <name->email>, Spend 1.0903687477111816 seconds
2017-12-05 15:07:09,743 - root - INFO - SUCCESS    Typed element: <name->email> content: 1527328977, Spend 0.10728597640991211 seconds
2017-12-05 15:07:09,907 - root - INFO - SUCCESS    Clicked element: <name->password>, Spend 0.16243624687194824 seconds
2017-12-05 15:07:09,994 - root - INFO - SUCCESS    Typed element: <name->password> content: test123, Spend 0.08472537994384766 seconds
2017-12-05 15:08:17,508 - root - INFO - ############################### START ###############################
2017-12-05 15:08:21,023 - root - INFO - SUCCESS    Start a new browser: chrome, Spend 3.512451410293579 seconds
2017-12-05 15:08:24,533 - root - INFO - SUCCESS    Navigated to http://pre-www.dae.org/, Spend 3.509218215942383 seconds
2017-12-05 15:08:25,679 - root - INFO - SUCCESS    Set browser window maximized, Spend 1.1440448760986328 seconds
2017-12-05 15:08:26,043 - root - INFO - SUCCESS    Clicked element: <link_text->登录>, Spend 0.36019253730773926 seconds
2017-12-05 15:08:27,143 - root - INFO - SUCCESS    Clicked element: <name->email>, Spend 1.0984666347503662 seconds
2017-12-05 15:08:27,307 - root - INFO - SUCCESS    Typed element: <name->email> content: 1527328977, Spend 0.1624314785003662 seconds
2017-12-05 15:08:27,472 - root - INFO - SUCCESS    Clicked element: <name->password>, Spend 0.1634349822998047 seconds
2017-12-05 15:08:27,577 - root - INFO - SUCCESS    Typed element: <name->password> content: test123, Spend 0.10427737236022949 seconds
2017-12-05 15:09:56,221 - root - INFO - ############################### START ###############################
2017-12-05 15:09:59,707 - root - INFO - SUCCESS    Start a new browser: chrome, Spend 3.4862184524536133 seconds
2017-12-05 15:10:03,335 - root - INFO - SUCCESS    Navigated to http://pre-www.dae.org/, Spend 3.6272644996643066 seconds
2017-12-05 15:10:04,501 - root - INFO - SUCCESS    Set browser window maximized, Spend 1.1651132106781006 seconds
2017-12-05 15:10:04,818 - root - INFO - SUCCESS    Clicked element: <link_text->登录>, Spend 0.3161344528198242 seconds
2017-12-05 15:10:05,941 - root - INFO - SUCCESS    Clicked element: <name->email>, Spend 1.1212706565856934 seconds
2017-12-05 15:10:06,045 - root - INFO - SUCCESS    Typed element: <name->email> content: 1527328977, Spend 0.10327315330505371 seconds
2017-12-05 15:10:06,227 - root - INFO - SUCCESS    Clicked element: <name->password>, Spend 0.18198251724243164 seconds
2017-12-05 15:10:06,306 - root - INFO - SUCCESS    Typed element: <name->password> content: test123, Spend 0.07870960235595703 seconds
2017-12-05 15:10:09,401 - root - INFO - SUCCESS    Closed all window and quit the driver, Spend 3.03108811378479 seconds
2017-12-05 15:10:09,402 - root - INFO - ###############################  End  ###############################
2017-12-05 15:10:31,097 - root - INFO - ############################### START ###############################
2017-12-05 15:10:34,592 - root - INFO - SUCCESS    Start a new browser: chrome, Spend 3.493659734725952 seconds
2017-12-05 15:10:38,485 - root - INFO - SUCCESS    Navigated to http://pre-www.dae.org/, Spend 3.8897016048431396 seconds
2017-12-05 15:10:39,658 - root - INFO - SUCCESS    Set browser window maximized, Spend 1.1686089038848877 seconds
2017-12-05 15:10:39,920 - root - INFO - SUCCESS    Clicked element: <link_text->登录>, Spend 0.26030683517456055 seconds
2017-12-05 15:10:41,108 - root - INFO - SUCCESS    Clicked element: <name->email>, Spend 1.1871705055236816 seconds
2017-12-05 15:10:41,208 - root - INFO - SUCCESS    Typed element: <name->email> content: 1527328977, Spend 0.09926271438598633 seconds
2017-12-05 15:10:41,360 - root - INFO - SUCCESS    Clicked element: <name->password>, Spend 0.15140676498413086 seconds
2017-12-05 15:10:41,436 - root - INFO - SUCCESS    Typed element: <name->password> content: test123, Spend 0.07354021072387695 seconds
2017-12-05 15:13:57,603 - root - INFO - ############################### START ###############################
2017-12-05 15:14:01,320 - root - INFO - SUCCESS    Start a new browser: chrome, Spend 3.716088056564331 seconds
2017-12-05 15:14:04,639 - root - INFO - SUCCESS    Navigated to http://pre-www.dae.org/, Spend 3.316178321838379 seconds
2017-12-05 15:14:05,810 - root - INFO - SUCCESS    Set browser window maximized, Spend 1.1701109409332275 seconds
2017-12-05 15:14:06,112 - root - INFO - SUCCESS    Clicked element: <link_text->登录>, Spend 0.30018019676208496 seconds
2017-12-05 15:14:07,243 - root - INFO - SUCCESS    Clicked element: <name->email>, Spend 1.1306743621826172 seconds
2017-12-05 15:14:07,348 - root - INFO - SUCCESS    Typed element: <name->email> content: 1527328977, Spend 0.10377764701843262 seconds
2017-12-05 15:14:07,567 - root - INFO - SUCCESS    Clicked element: <name->password>, Spend 0.21757817268371582 seconds
2017-12-05 15:14:07,736 - root - INFO - SUCCESS    Typed element: <name->password> content: test123, Spend 0.16844820976257324 seconds
2017-12-05 15:16:38,632 - root - INFO - ############################### START ###############################
2017-12-05 15:16:42,386 - root - INFO - SUCCESS    Start a new browser: chrome, Spend 3.753662586212158 seconds
2017-12-05 15:16:47,058 - root - INFO - SUCCESS    Navigated to http://pre-www.dae.org/, Spend 4.669216632843018 seconds
2017-12-05 15:16:48,239 - root - INFO - SUCCESS    Set browser window maximized, Spend 1.179062843322754 seconds
2017-12-05 15:16:48,501 - root - INFO - SUCCESS    Clicked element: <link_text->登录>, Spend 0.2603647708892822 seconds
2017-12-05 15:16:49,657 - root - INFO - SUCCESS    Clicked element: <name->email>, Spend 1.155029058456421 seconds
2017-12-05 15:16:49,756 - root - INFO - SUCCESS    Typed element: <name->email> content: 1527328977, Spend 0.09775972366333008 seconds
2017-12-05 15:16:49,948 - root - INFO - SUCCESS    Clicked element: <name->password>, Spend 0.19003081321716309 seconds
2017-12-05 15:16:50,056 - root - INFO - SUCCESS    Typed element: <name->password> content: test123, Spend 0.10740160942077637 seconds
2017-12-05 15:19:38,396 - root - INFO - ############################### START ###############################
2017-12-05 15:19:42,116 - root - INFO - SUCCESS    Start a new browser: chrome, Spend 3.7184040546417236 seconds
2017-12-05 15:19:45,647 - root - INFO - SUCCESS    Navigated to http://pre-www.dae.org/, Spend 3.529461622238159 seconds
2017-12-05 15:19:46,818 - root - INFO - SUCCESS    Set browser window maximized, Spend 1.168752908706665 seconds
2017-12-05 15:19:47,085 - root - INFO - SUCCESS    Clicked element: <link_text->登录>, Spend 0.2661442756652832 seconds
2017-12-05 15:19:48,227 - root - INFO - SUCCESS    Clicked element: <name->email>, Spend 1.1404376029968262 seconds
2017-12-05 15:19:48,341 - root - INFO - SUCCESS    Typed element: <name->email> content: 1527328977, Spend 0.11229896545410156 seconds
2017-12-05 15:19:48,522 - root - INFO - SUCCESS    Clicked element: <name->password>, Spend 0.17947769165039062 seconds
2017-12-05 15:19:48,602 - root - INFO - SUCCESS    Typed element: <name->password> content: test123, Spend 0.0797116756439209 seconds
2017-12-05 15:19:48,804 - root - INFO - FAIL    Unable to type element: <name->imageCode> content: [None, None, None, None], Spend 0.08973884582519531 seconds
2017-12-05 15:19:51,888 - root - INFO - SUCCESS    Closed all window and quit the driver, Spend 3.083066940307617 seconds
2017-12-05 15:19:51,890 - root - INFO - ###############################  End  ###############################
2017-12-05 15:20:11,657 - root - INFO - ############################### START ###############################
2017-12-05 15:20:15,392 - root - INFO - SUCCESS    Start a new browser: chrome, Spend 3.7338311672210693 seconds
2017-12-05 15:20:18,884 - root - INFO - SUCCESS    Navigated to http://pre-www.dae.org/, Spend 3.489783763885498 seconds
2017-12-05 15:20:20,048 - root - INFO - SUCCESS    Set browser window maximized, Spend 1.1640944480895996 seconds
2017-12-05 15:20:20,387 - root - INFO - SUCCESS    Clicked element: <link_text->登录>, Spend 0.336820125579834 seconds
2017-12-05 15:20:21,533 - root - INFO - SUCCESS    Clicked element: <name->email>, Spend 1.1347072124481201 seconds
2017-12-05 15:20:21,649 - root - INFO - SUCCESS    Typed element: <name->email> content: 1527328977, Spend 0.1143038272857666 seconds
2017-12-05 15:20:21,828 - root - INFO - SUCCESS    Clicked element: <name->password>, Spend 0.17809820175170898 seconds
2017-12-05 15:20:21,935 - root - INFO - SUCCESS    Typed element: <name->password> content: test123, Spend 0.10548758506774902 seconds
2017-12-05 15:27:57,394 - root - INFO - ############################### START ###############################
2017-12-05 15:28:01,108 - root - INFO - SUCCESS    Start a new browser: chrome, Spend 3.7122745513916016 seconds
2017-12-05 15:28:05,033 - root - INFO - SUCCESS    Navigated to http://pre-www.dae.org/, Spend 3.922828197479248 seconds
2017-12-05 15:28:06,207 - root - INFO - SUCCESS    Set browser window maximized, Spend 1.172112226486206 seconds
2017-12-05 15:28:06,459 - root - INFO - SUCCESS    Clicked element: <link_text->登录>, Spend 0.24996376037597656 seconds
2017-12-05 15:28:07,620 - root - INFO - SUCCESS    Clicked element: <name->email>, Spend 1.1586999893188477 seconds
2017-12-05 15:28:07,733 - root - INFO - SUCCESS    Typed element: <name->email> content: 1527328977, Spend 0.11179542541503906 seconds
2017-12-05 15:28:07,910 - root - INFO - SUCCESS    Clicked element: <name->password>, Spend 0.17647266387939453 seconds
2017-12-05 15:28:07,999 - root - INFO - SUCCESS    Typed element: <name->password> content: test123, Spend 0.08672976493835449 seconds
2017-12-05 15:46:25,261 - root - INFO - ############################### START ###############################
2017-12-05 15:46:28,953 - root - INFO - SUCCESS    Start a new browser: chrome, Spend 3.690983772277832 seconds
2017-12-05 15:46:32,874 - root - INFO - SUCCESS    Navigated to http://pre-www.dae.org/, Spend 3.919686794281006 seconds
2017-12-05 15:46:34,060 - root - INFO - SUCCESS    Set browser window maximized, Spend 1.1841464042663574 seconds
2017-12-05 15:46:34,412 - root - INFO - SUCCESS    Clicked element: <link_text->登录>, Spend 0.3506796360015869 seconds
2017-12-05 15:46:35,528 - root - INFO - SUCCESS    Clicked element: <name->email>, Spend 1.112429141998291 seconds
2017-12-05 15:46:35,720 - root - INFO - SUCCESS    Typed element: <name->email> content: 1527328977, Spend 0.1905064582824707 seconds
2017-12-05 15:46:35,915 - root - INFO - SUCCESS    Clicked element: <name->password>, Spend 0.19201040267944336 seconds
2017-12-05 15:46:36,079 - root - INFO - SUCCESS    Typed element: <name->password> content: test123, Spend 0.16193127632141113 seconds
2017-12-05 15:49:46,589 - root - INFO - ############################### START ###############################
2017-12-05 15:49:50,367 - root - INFO - SUCCESS    Start a new browser: chrome, Spend 3.776099443435669 seconds
2017-12-05 15:49:54,070 - root - INFO - SUCCESS    Navigated to http://pre-www.dae.org/, Spend 3.7021484375 seconds
2017-12-05 15:49:55,234 - root - INFO - SUCCESS    Set browser window maximized, Spend 1.1615891456604004 seconds
2017-12-05 15:49:55,542 - root - INFO - SUCCESS    Clicked element: <link_text->登录>, Spend 0.30444812774658203 seconds
2017-12-05 15:49:56,702 - root - INFO - SUCCESS    Clicked element: <name->email>, Spend 1.1587603092193604 seconds
2017-12-05 15:49:56,836 - root - INFO - SUCCESS    Typed element: <name->email> content: 1527328977, Spend 0.13335561752319336 seconds
2017-12-05 15:49:57,037 - root - INFO - SUCCESS    Clicked element: <name->password>, Spend 0.19953131675720215 seconds
2017-12-05 15:49:57,150 - root - INFO - SUCCESS    Typed element: <name->password> content: test123, Spend 0.11179709434509277 seconds
2017-12-05 15:50:08,994 - root - INFO - SUCCESS    Typed element: <name->imageCode> content: ['E', 'f', 'm', 'f'], Spend 0.11479902267456055 seconds
2017-12-05 15:51:08,057 - root - INFO - ############################### START ###############################
2017-12-05 15:51:11,763 - root - INFO - SUCCESS    Start a new browser: chrome, Spend 3.7053325176239014 seconds
2017-12-05 15:51:15,205 - root - INFO - SUCCESS    Navigated to http://pre-www.dae.org/, Spend 3.4417309761047363 seconds
2017-12-05 15:51:16,365 - root - INFO - SUCCESS    Set browser window maximized, Spend 1.1600852012634277 seconds
2017-12-05 15:51:16,594 - root - INFO - SUCCESS    Clicked element: <link_text->登录>, Spend 0.2283616065979004 seconds
2017-12-05 15:51:17,795 - root - INFO - SUCCESS    Clicked element: <name->email>, Spend 1.2008938789367676 seconds
2017-12-05 15:51:17,957 - root - INFO - SUCCESS    Typed element: <name->email> content: 1527328977, Spend 0.16092658042907715 seconds
2017-12-05 15:51:18,109 - root - INFO - SUCCESS    Clicked element: <name->password>, Spend 0.15190339088439941 seconds
2017-12-05 15:51:18,196 - root - INFO - SUCCESS    Typed element: <name->password> content: test123, Spend 0.08572697639465332 seconds
2017-12-05 15:51:18,546 - root - INFO - SUCCESS    Typed element: <name->imageCode> content: ['x', 'C', 'I', 'w'], Spend 0.1629328727722168 seconds
2017-12-05 15:51:28,690 - root - INFO - SUCCESS    Get current window url, Spend 0.02205514907836914 seconds
2017-12-05 15:51:31,752 - root - INFO - SUCCESS    Closed all window and quit the driver, Spend 3.059950113296509 seconds
2017-12-05 15:51:31,753 - root - INFO - ###############################  End  ###############################
2017-12-05 15:52:56,461 - root - INFO - ############################### START ###############################
2017-12-05 15:53:00,335 - root - INFO - SUCCESS    Start a new browser: chrome, Spend 3.872060537338257 seconds
2017-12-05 15:53:03,983 - root - INFO - SUCCESS    Navigated to http://pre-www.dae.org/, Spend 3.6475026607513428 seconds
2017-12-05 15:53:05,150 - root - INFO - SUCCESS    Set browser window maximized, Spend 1.1655988693237305 seconds
2017-12-05 15:53:05,504 - root - INFO - SUCCESS    Clicked element: <link_text->登录>, Spend 0.3537168502807617 seconds
2017-12-05 15:53:06,642 - root - INFO - SUCCESS    Clicked element: <name->email>, Spend 1.1375625133514404 seconds
2017-12-05 15:53:06,772 - root - INFO - SUCCESS    Typed element: <name->email> content: 1527328977, Spend 0.1283407211303711 seconds
2017-12-05 15:53:06,953 - root - INFO - SUCCESS    Clicked element: <name->password>, Spend 0.17997956275939941 seconds
2017-12-05 15:53:07,041 - root - INFO - SUCCESS    Typed element: <name->password> content: test123, Spend 0.08773279190063477 seconds
2017-12-05 15:53:07,380 - root - INFO - SUCCESS    Typed element: <name->imageCode> content: ['E', 'z', 'O', 'h'], Spend 0.15892243385314941 seconds
2017-12-05 16:05:32,797 - root - INFO - ############################### START ###############################
2017-12-05 16:05:36,468 - root - INFO - SUCCESS    Start a new browser: chrome, Spend 3.670027256011963 seconds
2017-12-05 16:05:38,023 - root - INFO - SUCCESS    Navigated to http://testing-wallet.intranet.szjys.com, Spend 1.5543146133422852 seconds
2017-12-05 16:05:39,212 - root - INFO - SUCCESS    Set browser window maximized, Spend 1.1881580352783203 seconds
2017-12-05 16:05:39,520 - root - INFO - SUCCESS    Clicked element: <link_text->登录>, Spend 0.3077719211578369 seconds
2017-12-05 16:05:39,880 - root - INFO - SUCCESS    Clicked element: <name->email>, Spend 0.3585386276245117 seconds
2017-12-05 16:05:39,987 - root - INFO - SUCCESS    Typed element: <name->email> content: 1527328977, Spend 0.10678482055664062 seconds
2017-12-05 16:05:40,161 - root - INFO - SUCCESS    Clicked element: <name->password>, Spend 0.17245936393737793 seconds
2017-12-05 16:05:40,232 - root - INFO - SUCCESS    Typed element: <name->password> content: test123, Spend 0.07068872451782227 seconds
2017-12-05 16:05:40,445 - root - INFO - SUCCESS    Typed element: <name->imageCode> content: ['1', 'E', 'v', '6'], Spend 0.11330127716064453 seconds
2017-12-05 16:05:50,585 - root - INFO - SUCCESS    Get current window url, Spend 0.0250699520111084 seconds
2017-12-05 16:05:53,648 - root - INFO - SUCCESS    Closed all window and quit the driver, Spend 3.060831069946289 seconds
2017-12-05 16:05:53,650 - root - INFO - ###############################  End  ###############################
2017-12-05 16:06:34,728 - root - INFO - ############################### START ###############################
2017-12-05 16:06:38,239 - root - INFO - SUCCESS    Start a new browser: chrome, Spend 3.5097594261169434 seconds
2017-12-05 16:06:39,668 - root - INFO - SUCCESS    Navigated to http://testing-wallet.intranet.szjys.com, Spend 1.4283788204193115 seconds
2017-12-05 16:06:40,856 - root - INFO - SUCCESS    Set browser window maximized, Spend 1.1856517791748047 seconds
2017-12-05 16:06:40,995 - root - INFO - SUCCESS    Clicked element: <link_text->登录>, Spend 0.13878989219665527 seconds
2017-12-05 16:06:41,389 - root - INFO - SUCCESS    Clicked element: <name->email>, Spend 0.3929877281188965 seconds
2017-12-05 16:06:41,503 - root - INFO - SUCCESS    Typed element: <name->email> content: yangmengying8977@dingtalk.com, Spend 0.11380290985107422 seconds
2017-12-05 16:06:41,803 - root - INFO - SUCCESS    Clicked element: <name->password>, Spend 0.29929614067077637 seconds
2017-12-05 16:06:41,916 - root - INFO - SUCCESS    Typed element: <name->password> content: test123, Spend 0.11230015754699707 seconds
2017-12-05 16:06:42,144 - root - INFO - SUCCESS    Typed element: <name->imageCode> content: ['2', 'n', 'a', 'M'], Spend 0.11630916595458984 seconds
2017-12-05 16:06:52,212 - root - INFO - SUCCESS    Get current window url, Spend 0.013534784317016602 seconds
2017-12-05 16:06:55,270 - root - INFO - SUCCESS    Closed all window and quit the driver, Spend 3.0561256408691406 seconds
2017-12-05 16:06:55,272 - root - INFO - ###############################  End  ###############################
2017-12-05 17:37:18,941 - root - INFO - ############################### START ###############################
2017-12-05 17:37:22,645 - root - INFO - SUCCESS    Start a new browser: chrome, Spend 3.702845335006714 seconds
2017-12-05 17:37:24,118 - root - INFO - SUCCESS    Navigated to http://testing-wallet.intranet.szjys.com, Spend 1.4726898670196533 seconds
2017-12-05 17:37:25,285 - root - INFO - SUCCESS    Set browser window maximized, Spend 1.165097951889038 seconds
2017-12-05 17:37:25,598 - root - INFO - SUCCESS    Clicked element: <link_text->登录>, Spend 0.31207966804504395 seconds
2017-12-05 17:37:26,626 - root - INFO - SUCCESS    Element <name->email> type content: yangmengying8977@dingtalk.com,and sleep 0.5 seconds,input ENTER key, Spend 1.0271635055541992 seconds
2017-12-05 17:37:29,671 - root - INFO - SUCCESS    Closed all window and quit the driver, Spend 3.032231569290161 seconds
2017-12-05 17:37:29,671 - root - INFO - ###############################  End  ###############################
2017-12-05 17:38:58,556 - root - INFO - ############################### START ###############################
2017-12-05 17:39:02,332 - root - INFO - SUCCESS    Start a new browser: chrome, Spend 3.7751107215881348 seconds
2017-12-05 17:39:03,809 - root - INFO - SUCCESS    Navigated to http://testing-wallet.intranet.szjys.com, Spend 1.4759669303894043 seconds
2017-12-05 17:39:04,975 - root - INFO - SUCCESS    Set browser window maximized, Spend 1.1655731201171875 seconds
2017-12-05 17:39:05,262 - root - INFO - SUCCESS    Clicked element: <link_text->登录>, Spend 0.2857956886291504 seconds
2017-12-05 17:39:07,166 - root - INFO - SUCCESS    Element <name->email> type content: yangmengying8977@dingtalk.com,and sleep 0.5 seconds,input ENTER key, Spend 1.9032158851623535 seconds
2017-12-05 17:39:07,256 - root - INFO - SUCCESS    Clicked element: <name->password>, Spend 0.08920478820800781 seconds
2017-12-05 17:39:07,359 - root - INFO - SUCCESS    Typed element: <name->password> content: test123, Spend 0.10277247428894043 seconds
2017-12-05 17:39:07,562 - root - INFO - SUCCESS    Typed element: <name->imageCode> content: ['M', 'R', 'L', 'c'], Spend 0.08873581886291504 seconds
2017-12-05 17:39:17,720 - root - INFO - SUCCESS    Get current window url, Spend 0.00852203369140625 seconds
2017-12-05 17:39:20,749 - root - INFO - SUCCESS    Closed all window and quit the driver, Spend 3.0278425216674805 seconds
2017-12-05 17:39:20,750 - root - INFO - ###############################  End  ###############################
2017-12-05 17:40:41,716 - root - INFO - ############################### START ###############################
2017-12-05 17:40:45,404 - root - INFO - SUCCESS    Start a new browser: chrome, Spend 3.6878278255462646 seconds
2017-12-05 17:40:46,974 - root - INFO - SUCCESS    Navigated to http://testing-wallet.intranet.szjys.com, Spend 1.5666396617889404 seconds
2017-12-05 17:40:48,136 - root - INFO - SUCCESS    Set browser window maximized, Spend 1.1575775146484375 seconds
2017-12-05 17:40:48,452 - root - INFO - SUCCESS    Clicked element: <link_text->登录>, Spend 0.31514883041381836 seconds
2017-12-05 17:40:50,515 - root - INFO - SUCCESS    Element <name->email> type content: yangmengying8977@dingtalk.com,and sleep 0.5 seconds,input ENTER key, Spend 2.0600898265838623 seconds
2017-12-05 17:40:50,604 - root - INFO - SUCCESS    Clicked element: <name->password>, Spend 0.08675646781921387 seconds
2017-12-05 17:40:50,708 - root - INFO - SUCCESS    Typed element: <name->password> content: test123, Spend 0.10324573516845703 seconds
2017-12-05 17:40:50,957 - root - INFO - SUCCESS    Typed element: <name->imageCode> content: ['i', '0', 'E', 'G'], Spend 0.11279940605163574 seconds
2017-12-05 17:41:01,133 - root - INFO - SUCCESS    Get current window url, Spend 0.016045093536376953 seconds
2017-12-05 17:41:04,183 - root - INFO - SUCCESS    Closed all window and quit the driver, Spend 3.044957160949707 seconds
2017-12-05 17:41:04,185 - root - INFO - ###############################  End  ###############################
2017-12-05 17:41:45,370 - root - INFO - ############################### START ###############################
2017-12-05 17:41:49,072 - root - INFO - SUCCESS    Start a new browser: chrome, Spend 3.7011637687683105 seconds
2017-12-05 17:41:50,729 - root - INFO - SUCCESS    Navigated to http://testing-wallet.intranet.szjys.com, Spend 1.6561453342437744 seconds
2017-12-05 17:41:51,912 - root - INFO - SUCCESS    Set browser window maximized, Spend 1.1816396713256836 seconds
2017-12-05 17:41:52,255 - root - INFO - SUCCESS    Clicked element: <link_text->登录>, Spend 0.34154295921325684 seconds
2017-12-05 17:41:53,277 - root - INFO - SUCCESS    Element <name->email> type content: yangmengying8977@dingtalk.com,and sleep 0.5 seconds,input ENTER key, Spend 1.0214359760284424 seconds
2017-12-05 17:41:53,350 - root - INFO - SUCCESS    Clicked element: <name->password>, Spend 0.07169079780578613 seconds
2017-12-05 17:41:53,508 - root - INFO - SUCCESS    Typed element: <name->password> content: test123, Spend 0.15791964530944824 seconds
2017-12-05 17:41:53,803 - root - INFO - SUCCESS    Typed element: <name->imageCode> content: ['8', 'q', '0', 'g'], Spend 0.1213223934173584 seconds
2017-12-05 17:47:33,638 - root - INFO - ############################### START ###############################
2017-12-05 17:47:37,394 - root - INFO - SUCCESS    Start a new browser: chrome, Spend 3.7546298503875732 seconds
2017-12-05 17:47:46,759 - root - INFO - SUCCESS    Navigated to http://testing-wallet.intranet.szjys.com, Spend 9.361281871795654 seconds
2017-12-05 17:47:47,946 - root - INFO - SUCCESS    Set browser window maximized, Spend 1.1836469173431396 seconds
2017-12-05 17:47:48,303 - root - INFO - SUCCESS    Clicked element: <link_text->登录>, Spend 0.35588955879211426 seconds
2017-12-05 17:47:49,273 - root - INFO - SUCCESS    Element <name->email> type content: yangmengying8977@dingtalk.com,and sleep 0.5 seconds,input ENTER key, Spend 0.9686436653137207 seconds
2017-12-05 17:47:49,348 - root - INFO - SUCCESS    Clicked element: <name->password>, Spend 0.07369828224182129 seconds
2017-12-05 17:47:49,454 - root - INFO - SUCCESS    Typed element: <name->password> content: test123, Spend 0.10427665710449219 seconds
2017-12-05 17:47:49,687 - root - INFO - SUCCESS    Typed element: <name->imageCode> content: ['w', 'C', 'c', 'O'], Spend 0.10975885391235352 seconds
2017-12-05 17:47:59,861 - root - INFO - SUCCESS    Get current window url, Spend 0.016951799392700195 seconds
2017-12-05 17:48:02,922 - root - INFO - SUCCESS    Closed all window and quit the driver, Spend 3.05421781539917 seconds
2017-12-05 17:48:02,924 - root - INFO - ###############################  End  ###############################
2017-12-05 17:48:33,601 - root - INFO - ############################### START ###############################
2017-12-05 17:48:37,361 - root - INFO - SUCCESS    Start a new browser: chrome, Spend 3.7586026191711426 seconds
2017-12-05 17:48:38,783 - root - INFO - SUCCESS    Navigated to http://testing-wallet.intranet.szjys.com, Spend 1.419557809829712 seconds
2017-12-05 17:48:39,972 - root - INFO - SUCCESS    Set browser window maximized, Spend 1.186586856842041 seconds
2017-12-05 17:48:40,231 - root - INFO - SUCCESS    Clicked element: <link_text->登录>, Spend 0.25673437118530273 seconds
2017-12-05 17:48:42,289 - root - INFO - SUCCESS    Element <name->email> type content: yangmengying8977@dingtalk.com,and sleep 0.5 seconds,input ENTER key, Spend 2.0556745529174805 seconds
2017-12-05 17:48:42,399 - root - INFO - SUCCESS    Clicked element: <name->password>, Spend 0.1081550121307373 seconds
2017-12-05 17:48:42,510 - root - INFO - SUCCESS    Typed element: <name->password> content: test123, Spend 0.10878658294677734 seconds
2017-12-05 17:48:42,723 - root - INFO - SUCCESS    Typed element: <name->imageCode> content: ['F', 'P', 'A', 'm'], Spend 0.09424972534179688 seconds
2017-12-05 17:54:22,293 - root - INFO - ############################### START ###############################
2017-12-05 17:54:26,021 - root - INFO - SUCCESS    Start a new browser: chrome, Spend 3.7268073558807373 seconds
2017-12-05 17:54:27,579 - root - INFO - SUCCESS    Navigated to http://testing-wallet.intranet.szjys.com, Spend 1.5559606552124023 seconds
2017-12-05 17:54:28,754 - root - INFO - SUCCESS    Set browser window maximized, Spend 1.1736187934875488 seconds
2017-12-05 17:54:29,094 - root - INFO - SUCCESS    Clicked element: <link_text->登录>, Spend 0.33841991424560547 seconds
2017-12-05 17:54:30,043 - root - INFO - SUCCESS    Element <name->email> type content: 123456789@qq.com,and sleep 0.5 seconds,input ENTER key, Spend 0.9470207691192627 seconds
2017-12-05 17:54:30,113 - root - INFO - SUCCESS    Clicked element: <name->password>, Spend 0.06865501403808594 seconds
2017-12-05 17:54:30,198 - root - INFO - SUCCESS    Typed element: <name->password> content: test123, Spend 0.08422350883483887 seconds
2017-12-05 17:54:30,412 - root - INFO - SUCCESS    Typed element: <name->imageCode> content: ['X', 'F', 'c', 'W'], Spend 0.09826111793518066 seconds
2017-12-05 17:59:07,136 - root - INFO - ############################### START ###############################
2017-12-05 17:59:10,897 - root - INFO - SUCCESS    Start a new browser: chrome, Spend 3.76003098487854 seconds
2017-12-05 17:59:12,319 - root - INFO - SUCCESS    Navigated to http://testing-wallet.intranet.szjys.com, Spend 1.4200143814086914 seconds
2017-12-05 17:59:13,496 - root - INFO - SUCCESS    Set browser window maximized, Spend 1.176088571548462 seconds
2017-12-05 17:59:13,858 - root - INFO - SUCCESS    Clicked element: <link_text->登录>, Spend 0.35972166061401367 seconds
2017-12-05 17:59:14,884 - root - INFO - SUCCESS    Element <name->email> type content: 123456789@qq.com,and sleep 0.5 seconds,input ENTER key, Spend 1.0253517627716064 seconds
2017-12-05 17:59:14,950 - root - INFO - SUCCESS    Clicked element: <name->password>, Spend 0.06366920471191406 seconds
2017-12-05 17:59:15,033 - root - INFO - SUCCESS    Typed element: <name->password> content: test123, Spend 0.08222007751464844 seconds
2017-12-05 17:59:15,274 - root - INFO - SUCCESS    Typed element: <name->imageCode> content: ['l', '5', 'F', 'b'], Spend 0.1002662181854248 seconds
2017-12-05 18:05:57,655 - root - INFO - ############################### START ###############################
2017-12-05 18:06:01,444 - root - INFO - SUCCESS    Start a new browser: chrome, Spend 3.7876534461975098 seconds
2017-12-05 18:06:03,102 - root - INFO - SUCCESS    Navigated to http://testing-wallet.intranet.szjys.com, Spend 1.6573867797851562 seconds
2017-12-05 18:06:04,245 - root - INFO - SUCCESS    Set browser window maximized, Spend 1.1412229537963867 seconds
2017-12-05 18:06:04,581 - root - INFO - SUCCESS    Clicked element: <link_text->登录>, Spend 0.334639310836792 seconds
2017-12-05 18:06:05,525 - root - INFO - SUCCESS    Element <name->email> type content: 123456789@qq.com,and sleep 0.5 seconds,input ENTER key, Spend 0.9356517791748047 seconds
2017-12-05 18:06:05,610 - root - INFO - SUCCESS    Clicked element: <name->password>, Spend 0.08254432678222656 seconds
2017-12-05 18:06:05,718 - root - INFO - SUCCESS    Typed element: <name->password> content: test123, Spend 0.10706090927124023 seconds
2017-12-05 18:06:05,995 - root - INFO - SUCCESS    Typed element: <name->imageCode> content: ['q', '2', '8', 'X'], Spend 0.14140605926513672 seconds
2017-12-05 18:06:52,007 - root - INFO - ############################### START ###############################
2017-12-05 18:06:55,725 - root - INFO - SUCCESS    Start a new browser: chrome, Spend 3.715520143508911 seconds
2017-12-05 18:06:57,236 - root - INFO - SUCCESS    Navigated to http://testing-wallet.intranet.szjys.com, Spend 1.5084595680236816 seconds
2017-12-05 18:06:58,429 - root - INFO - SUCCESS    Set browser window maximized, Spend 1.190483808517456 seconds
2017-12-05 18:06:58,773 - root - INFO - SUCCESS    Clicked element: <link_text->登录>, Spend 0.34206104278564453 seconds
2017-12-05 18:06:59,805 - root - INFO - SUCCESS    Element <name->email> type content: 123456789@qq.com,and sleep 0.5 seconds,input ENTER key, Spend 1.0294737815856934 seconds
2017-12-05 18:06:59,887 - root - INFO - SUCCESS    Clicked element: <name->password>, Spend 0.08073902130126953 seconds
2017-12-05 18:06:59,982 - root - INFO - SUCCESS    Typed element: <name->password> content: test123, Spend 0.0932466983795166 seconds
2017-12-05 18:07:00,243 - root - INFO - SUCCESS    Typed element: <name->imageCode> content: ['0', 'e', 'V', 'M'], Spend 0.1292729377746582 seconds
2017-12-05 18:08:34,570 - root - INFO - ############################### START ###############################
2017-12-05 18:08:38,002 - root - INFO - SUCCESS    Start a new browser: chrome, Spend 3.430922746658325 seconds
2017-12-05 18:08:39,381 - root - INFO - SUCCESS    Navigated to http://testing-wallet.intranet.szjys.com, Spend 1.3773465156555176 seconds
2017-12-05 18:08:40,526 - root - INFO - SUCCESS    Set browser window maximized, Spend 1.1440424919128418 seconds
2017-12-05 18:08:40,839 - root - INFO - SUCCESS    Clicked element: <link_text->登录>, Spend 0.3089711666107178 seconds
2017-12-05 18:08:41,819 - root - INFO - SUCCESS    Element <name->email> type content: yangmengying8977@dingtalk.com,and sleep 0.5 seconds,input ENTER key, Spend 0.9764919281005859 seconds
2017-12-05 18:08:41,887 - root - INFO - SUCCESS    Clicked element: <name->password>, Spend 0.0666811466217041 seconds
2017-12-05 18:08:41,992 - root - INFO - SUCCESS    Typed element: <name->password> content: test123, Spend 0.10274171829223633 seconds
2017-12-05 18:08:42,238 - root - INFO - SUCCESS    Typed element: <name->imageCode> content: ['D', 'J', 'v', 'l'], Spend 0.12683796882629395 seconds
2017-12-05 18:13:04,940 - root - INFO - ############################### START ###############################
2017-12-05 18:13:08,736 - root - INFO - SUCCESS    Start a new browser: chrome, Spend 3.795076847076416 seconds
2017-12-05 18:13:13,413 - root - INFO - SUCCESS    Navigated to http://testing-wallet.intranet.szjys.com, Spend 4.675673007965088 seconds
2017-12-05 18:13:14,590 - root - INFO - SUCCESS    Set browser window maximized, Spend 1.1753134727478027 seconds
2017-12-05 18:13:14,941 - root - INFO - SUCCESS    Clicked element: <link_text->登录>, Spend 0.3491506576538086 seconds
2017-12-05 18:13:16,100 - root - INFO - SUCCESS    Element <name->email> type content: yangmengying8977@dingtalk.com,and sleep 0.5 seconds,input ENTER key, Spend 1.1572587490081787 seconds
2017-12-05 18:13:16,180 - root - INFO - SUCCESS    Clicked element: <name->password>, Spend 0.07820820808410645 seconds
2017-12-05 18:13:16,286 - root - INFO - SUCCESS    Typed element: <name->password> content: test123, Spend 0.10477876663208008 seconds
2017-12-05 18:13:16,508 - root - INFO - SUCCESS    Typed element: <name->imageCode> content: ['B', 'H', 'n', 'z'], Spend 0.09601664543151855 seconds
2017-12-05 18:20:22,546 - root - INFO - ############################### START ###############################
2017-12-05 18:20:26,232 - root - INFO - SUCCESS    Start a new browser: chrome, Spend 3.6845741271972656 seconds
2017-12-05 18:20:27,651 - root - INFO - SUCCESS    Navigated to http://testing-wallet.intranet.szjys.com, Spend 1.4179916381835938 seconds
2017-12-05 18:20:28,830 - root - INFO - SUCCESS    Set browser window maximized, Spend 1.1765704154968262 seconds
2017-12-05 18:20:29,178 - root - INFO - SUCCESS    Clicked element: <link_text->登录>, Spend 0.34009742736816406 seconds
2017-12-05 18:20:30,231 - root - INFO - SUCCESS    Element <name->email> type content: yangmengying8977@dingtalk.com,and sleep 0.5 seconds,input ENTER key, Spend 1.0488519668579102 seconds
2017-12-05 18:20:30,362 - root - INFO - SUCCESS    Clicked element: <name->password>, Spend 0.12984156608581543 seconds
2017-12-05 18:20:30,472 - root - INFO - SUCCESS    Typed element: <name->password> content: test123, Spend 0.10828709602355957 seconds
2017-12-05 18:20:30,718 - root - INFO - SUCCESS    Typed element: <name->imageCode> content: ['2', 'n', 'p', 'w'], Spend 0.10277152061462402 seconds
2017-12-05 18:30:31,755 - root - INFO - ############################### START ###############################
2017-12-05 18:30:35,483 - root - INFO - SUCCESS    Start a new browser: chrome, Spend 3.725027322769165 seconds
2017-12-05 18:30:37,025 - root - INFO - SUCCESS    Navigated to http://testing-wallet.intranet.szjys.com, Spend 1.5399417877197266 seconds
2017-12-05 18:30:38,191 - root - INFO - SUCCESS    Set browser window maximized, Spend 1.1637089252471924 seconds
2017-12-05 18:30:38,524 - root - INFO - SUCCESS    Clicked element: <link_text->登录>, Spend 0.3307037353515625 seconds
2017-12-05 18:30:39,381 - root - INFO - SUCCESS    Element <name->email> type content: yangmengying8977@dingtalk.com,and sleep 0.5 seconds,input ENTER key, Spend 0.8551275730133057 seconds
2017-12-05 18:30:39,451 - root - INFO - SUCCESS    Clicked element: <name->password>, Spend 0.06837797164916992 seconds
2017-12-05 18:30:39,558 - root - INFO - SUCCESS    Typed element: <name->password> content: test123, Spend 0.10614562034606934 seconds
2017-12-05 18:30:39,788 - root - INFO - SUCCESS    Typed element: <name->imageCode> content: ['B', 'a', 'd', 'm'], Spend 0.10711145401000977 seconds
