2017-09-05 11:00:46,794 - root - INFO - ############################### START ###############################
2017-09-05 11:00:50,533 - root - INFO - SUCCESS    Start a new browser: chrome, Spend 3.736844539642334 seconds
2017-09-05 11:00:51,255 - root - INFO - SUCCESS    Navigated to http://testing-www.intranet.szjys.com/, Spend 0.7207887172698975 seconds
2017-09-05 11:00:52,428 - root - INFO - SUCCESS    Set browser window maximized, Spend 1.1716151237487793 seconds
2017-09-05 11:00:52,495 - root - INFO - SUCCESS    Clicked element: <link_text->使用邮箱/手机登录>, Spend 0.065277099609375 seconds
2017-09-05 11:00:53,698 - root - INFO - SUCCESS    Typed element: <name->username> content: 15273258977, Spend 1.202857255935669 seconds
2017-09-05 11:00:53,840 - root - INFO - SUCCESS    Typed element: <name->password> content: test123, Spend 0.14087462425231934 seconds
2017-09-05 11:00:56,947 - root - INFO - SUCCESS    Closed all window and quit the driver, Spend 3.044203042984009 seconds
2017-09-05 11:00:56,948 - root - INFO - ###############################  End  ###############################
2017-09-05 11:08:41,788 - root - INFO - ############################### START ###############################
2017-09-05 11:08:45,292 - root - INFO - SUCCESS    Start a new browser: chrome, Spend 3.502814292907715 seconds
2017-09-05 11:08:45,994 - root - INFO - SUCCESS    Navigated to http://testing-www.intranet.szjys.com/, Spend 0.701082706451416 seconds
2017-09-05 11:08:47,145 - root - INFO - SUCCESS    Set browser window maximized, Spend 1.1500129699707031 seconds
2017-09-05 11:08:47,209 - root - INFO - SUCCESS    Clicked element: <link_text->使用邮箱/手机登录>, Spend 0.0630958080291748 seconds
2017-09-05 11:08:47,402 - root - INFO - SUCCESS    Typed element: <name->username> content: 15273258977, Spend 0.19183063507080078 seconds
2017-09-05 11:08:47,481 - root - INFO - SUCCESS    Typed element: <name->password> content: test123, Spend 0.07870674133300781 seconds
2017-09-05 11:08:50,604 - root - INFO - SUCCESS    Closed all window and quit the driver, Spend 3.0356504917144775 seconds
2017-09-05 11:08:50,606 - root - INFO - ###############################  End  ###############################
2017-09-05 13:36:18,085 - root - INFO - ############################### START ###############################
2017-09-05 13:36:21,577 - root - INFO - SUCCESS    Start a new browser: chrome, Spend 3.49190092086792 seconds
2017-09-05 13:36:22,251 - root - INFO - SUCCESS    Navigated to http://testing-www.intranet.szjys.com/, Spend 0.6730988025665283 seconds
2017-09-05 13:36:23,393 - root - INFO - SUCCESS    Set browser window maximized, Spend 1.1418180465698242 seconds
2017-09-05 13:36:23,467 - root - INFO - SUCCESS    Clicked element: <link_text->使用邮箱/手机登录>, Spend 0.07290959358215332 seconds
2017-09-05 13:36:23,635 - root - INFO - SUCCESS    Typed element: <name->username> content: 15273258977, Spend 0.16707396507263184 seconds
2017-09-05 13:36:23,774 - root - INFO - SUCCESS    Typed element: <name->password> content: test123, Spend 0.1388709545135498 seconds
2017-09-05 13:36:28,963 - root - INFO - FAIL    Unable to get element text element: <css->div[class^=volume]>div:nth:child(2)>, Spend 5.115094900131226 seconds
2017-09-05 13:36:32,036 - root - INFO - SUCCESS    Closed all window and quit the driver, Spend 3.071929931640625 seconds
2017-09-05 13:36:32,037 - root - INFO - ###############################  End  ###############################
2017-09-05 13:37:51,279 - root - INFO - ############################### START ###############################
2017-09-05 13:37:54,776 - root - INFO - SUCCESS    Start a new browser: chrome, Spend 3.4958994388580322 seconds
2017-09-05 13:37:55,491 - root - INFO - SUCCESS    Navigated to http://testing-www.intranet.szjys.com/, Spend 0.7139763832092285 seconds
2017-09-05 13:37:56,634 - root - INFO - SUCCESS    Set browser window maximized, Spend 1.142249345779419 seconds
2017-09-05 13:37:56,694 - root - INFO - SUCCESS    Clicked element: <link_text->使用邮箱/手机登录>, Spend 0.05989789962768555 seconds
2017-09-05 13:37:57,900 - root - INFO - SUCCESS    Typed element: <name->username> content: 15273258977, Spend 1.2045783996582031 seconds
2017-09-05 13:37:57,980 - root - INFO - SUCCESS    Typed element: <name->password> content: test123, Spend 0.07931303977966309 seconds
2017-09-05 13:37:59,160 - root - INFO - SUCCESS    Get element text element: <css->div[class^=volume]>div:nth-child(2)>, Spend 1.0751330852508545 seconds
2017-09-05 13:38:02,185 - root - INFO - SUCCESS    Closed all window and quit the driver, Spend 3.0251214504241943 seconds
2017-09-05 13:38:02,186 - root - INFO - ###############################  End  ###############################
