2017-09-04 14:39:50,592 - root - INFO - ############################### START ###############################
2017-09-04 14:39:54,111 - root - INFO - SUCCESS    Start a new browser: chrome, Spend 3.5179684162139893 seconds
2017-09-04 14:39:54,819 - root - INFO - SUCCESS    Navigated to http://testing-www.intranet.szjys.com/, Spend 0.7065808773040771 seconds
2017-09-04 14:39:55,998 - root - INFO - SUCCESS    Set browser window maximized, Spend 1.1786389350891113 seconds
2017-09-04 14:39:56,074 - root - INFO - SUCCESS    Clicked element: <link_text->使用邮箱/手机登录>, Spend 0.07501769065856934 seconds
2017-09-04 14:39:56,203 - root - INFO - SUCCESS    Typed element: <name->username> content: 15273258977, Spend 0.1275794506072998 seconds
2017-09-04 14:39:56,350 - root - INFO - SUCCESS    Typed element: <name->password> content: test123, Spend 0.14688944816589355 seconds
2017-09-04 14:39:56,351 - root - INFO - FAIL    Unable to click element: <tag_name->button>, Spend 0.0 seconds
2017-09-04 14:39:59,414 - root - INFO - SUCCESS    Closed all window and quit the driver, Spend 3.0623323917388916 seconds
2017-09-04 14:39:59,414 - root - INFO - ###############################  End  ###############################
2017-09-04 19:01:27,996 - root - INFO - ############################### START ###############################
2017-09-04 19:01:31,515 - root - INFO - SUCCESS    Start a new browser: chrome, Spend 3.5184407234191895 seconds
2017-09-04 19:01:32,168 - root - INFO - SUCCESS    Navigated to http://testing-www.intranet.szjys.com/, Spend 0.6525681018829346 seconds
2017-09-04 19:01:33,344 - root - INFO - SUCCESS    Set browser window maximized, Spend 1.1759719848632812 seconds
2017-09-04 19:01:33,403 - root - INFO - SUCCESS    Clicked element: <link_text->使用邮箱/手机登录>, Spend 0.058257102966308594 seconds
2017-09-04 19:01:36,436 - root - INFO - SUCCESS    Closed all window and quit the driver, Spend 3.0322952270507812 seconds
2017-09-04 19:01:36,437 - root - INFO - ###############################  End  ###############################
2017-09-04 19:01:36,439 - root - INFO - ############################### START ###############################
2017-09-04 19:01:40,176 - root - INFO - SUCCESS    Start a new browser: chrome, Spend 3.73518443107605 seconds
2017-09-04 19:01:40,898 - root - INFO - SUCCESS    Navigated to http://testing-www.intranet.szjys.com/, Spend 0.7206881046295166 seconds
2017-09-04 19:01:42,092 - root - INFO - SUCCESS    Set browser window maximized, Spend 1.1936981678009033 seconds
2017-09-04 19:01:42,158 - root - INFO - SUCCESS    Clicked element: <link_text->使用邮箱/手机登录>, Spend 0.0659024715423584 seconds
2017-09-04 19:01:42,298 - root - INFO - SUCCESS    Typed element: <name->username> content: 15273258977, Spend 0.13955307006835938 seconds
2017-09-04 19:01:42,464 - root - INFO - SUCCESS    Typed element: <name->password> content: test123, Spend 0.16488218307495117 seconds
2017-09-04 19:01:45,492 - root - INFO - SUCCESS    Closed all window and quit the driver, Spend 3.028505325317383 seconds
2017-09-04 19:01:45,492 - root - INFO - ###############################  End  ###############################
2017-09-04 19:32:09,529 - root - INFO - ############################### START ###############################
2017-09-04 19:32:13,247 - root - INFO - SUCCESS    Start a new browser: chrome, Spend 3.716507911682129 seconds
2017-09-04 19:32:14,045 - root - INFO - SUCCESS    Navigated to http://testing-www.intranet.szjys.com/, Spend 0.7977917194366455 seconds
2017-09-04 19:32:15,205 - root - INFO - SUCCESS    Set browser window maximized, Spend 1.1601104736328125 seconds
2017-09-04 19:32:15,272 - root - INFO - SUCCESS    Clicked element: <link_text->使用邮箱/手机登录>, Spend 0.06631803512573242 seconds
2017-09-04 19:32:15,421 - root - INFO - SUCCESS    Typed element: <name->username> content: 15273258977, Spend 0.1478116512298584 seconds
2017-09-04 19:32:15,540 - root - INFO - SUCCESS    Typed element: <name->password> content: test123, Spend 0.11881661415100098 seconds
2017-09-04 19:32:18,569 - root - INFO - SUCCESS    Closed all window and quit the driver, Spend 3.0283026695251465 seconds
2017-09-04 19:32:18,569 - root - INFO - ###############################  End  ###############################
2017-09-04 19:33:54,539 - root - INFO - ############################### START ###############################
2017-09-04 19:33:58,231 - root - INFO - SUCCESS    Start a new browser: chrome, Spend 3.6907150745391846 seconds
2017-09-04 19:33:59,017 - root - INFO - SUCCESS    Navigated to http://testing-www.intranet.szjys.com/, Spend 0.7852962017059326 seconds
2017-09-04 19:34:00,155 - root - INFO - SUCCESS    Set browser window maximized, Spend 1.1379749774932861 seconds
2017-09-04 19:34:00,210 - root - INFO - SUCCESS    Clicked element: <link_text->使用邮箱/手机登录>, Spend 0.0543062686920166 seconds
2017-09-04 19:34:00,345 - root - INFO - SUCCESS    Typed element: <name->username> content: 15273258977, Spend 0.135206937789917 seconds
2017-09-04 19:34:00,509 - root - INFO - SUCCESS    Typed element: <name->password> content: test123, Spend 0.1629331111907959 seconds
2017-09-04 19:34:03,553 - root - INFO - SUCCESS    Closed all window and quit the driver, Spend 3.043623447418213 seconds
2017-09-04 19:34:03,554 - root - INFO - ###############################  End  ###############################
2017-09-04 19:47:03,436 - root - INFO - ############################### START ###############################
2017-09-04 19:47:07,153 - root - INFO - SUCCESS    Start a new browser: chrome, Spend 3.7164368629455566 seconds
2017-09-04 19:47:07,957 - root - INFO - SUCCESS    Navigated to http://testing-www.intranet.szjys.com/, Spend 0.8040430545806885 seconds
2017-09-04 19:47:09,121 - root - INFO - SUCCESS    Set browser window maximized, Spend 1.1622514724731445 seconds
2017-09-04 19:47:09,192 - root - INFO - SUCCESS    Clicked element: <link_text->使用邮箱/手机登录>, Spend 0.07174491882324219 seconds
2017-09-04 19:47:09,350 - root - INFO - SUCCESS    Typed element: <name->username> content: 15273258977, Spend 0.15578794479370117 seconds
2017-09-04 19:47:09,502 - root - INFO - SUCCESS    Typed element: <name->password> content: test123, Spend 0.1514136791229248 seconds
2017-09-04 19:47:12,590 - root - INFO - SUCCESS    Closed all window and quit the driver, Spend 3.0343680381774902 seconds
2017-09-04 19:47:12,591 - root - INFO - ###############################  End  ###############################
2017-09-04 20:11:41,005 - root - INFO - ############################### START ###############################
2017-09-04 20:11:44,543 - root - INFO - SUCCESS    Start a new browser: chrome, Spend 3.537797689437866 seconds
2017-09-04 20:11:45,240 - root - INFO - SUCCESS    Navigated to http://testing-www.intranet.szjys.com/, Spend 0.6958000659942627 seconds
2017-09-04 20:11:46,412 - root - INFO - SUCCESS    Set browser window maximized, Spend 1.1721160411834717 seconds
2017-09-04 20:11:46,469 - root - INFO - SUCCESS    Clicked element: <link_text->使用邮箱/手机登录>, Spend 0.05605006217956543 seconds
2017-09-04 20:11:46,621 - root - INFO - SUCCESS    Typed element: <name->username> content: 15273258977, Spend 0.15057373046875 seconds
2017-09-04 20:11:46,744 - root - INFO - SUCCESS    Typed element: <name->password> content: test123, Spend 0.12259316444396973 seconds
2017-09-04 20:11:49,854 - root - INFO - SUCCESS    Closed all window and quit the driver, Spend 3.0262677669525146 seconds
2017-09-04 20:11:49,855 - root - INFO - ###############################  End  ###############################
2017-09-04 20:12:42,510 - root - INFO - ############################### START ###############################
2017-09-04 20:12:46,196 - root - INFO - SUCCESS    Start a new browser: chrome, Spend 3.684300661087036 seconds
2017-09-04 20:12:46,952 - root - INFO - SUCCESS    Navigated to http://testing-www.intranet.szjys.com/, Spend 0.7556607723236084 seconds
2017-09-04 20:12:48,115 - root - INFO - SUCCESS    Set browser window maximized, Spend 1.1622581481933594 seconds
2017-09-04 20:12:48,171 - root - INFO - SUCCESS    Clicked element: <link_text->使用邮箱/手机登录>, Spend 0.056234121322631836 seconds
2017-09-04 20:12:49,380 - root - INFO - SUCCESS    Typed element: <name->username> content: 15273258977, Spend 1.2076294422149658 seconds
2017-09-04 20:12:49,531 - root - INFO - SUCCESS    Typed element: <name->password> content: test123, Spend 0.14989805221557617 seconds
2017-09-04 20:12:52,618 - root - INFO - SUCCESS    Closed all window and quit the driver, Spend 3.034342050552368 seconds
2017-09-04 20:12:52,619 - root - INFO - ###############################  End  ###############################
