2017-09-01 17:40:10,095 - root - INFO - ############################### START ###############################
2017-09-01 17:40:13,671 - root - INFO - SUCCESS    Start a new browser: chrome, Spend 3.5745205879211426 seconds
2017-09-01 17:40:14,632 - root - INFO - SUCCESS    Navigated to http://pre-www.szjys.com/, Spend 0.9602141380310059 seconds
2017-09-01 17:40:15,802 - root - INFO - SUCCESS    Set browser window maximized, Spend 1.168687343597412 seconds
2017-09-01 17:40:20,880 - root - INFO - FAIL    Unable to click element: <css->.loginHeaderDefaultSubNotice_1fdD9>span>, Spend 5.078275442123413 seconds
2017-09-01 17:40:23,944 - root - INFO - SUCCESS    Closed all window and quit the driver, Spend 3.0622973442077637 seconds
2017-09-01 17:40:23,945 - root - INFO - ###############################  End  ###############################
2017-09-01 17:40:27,574 - root - INFO - 发送邮件成功
2017-09-01 17:41:12,632 - root - INFO - ############################### START ###############################
2017-09-01 17:41:16,381 - root - INFO - SUCCESS    Start a new browser: chrome, Spend 3.7481746673583984 seconds
2017-09-01 17:41:17,063 - root - INFO - SUCCESS    Navigated to http://testing-www.intranet.szjys.com/, Spend 0.6808373928070068 seconds
2017-09-01 17:41:18,219 - root - INFO - SUCCESS    Set browser window maximized, Spend 1.1541342735290527 seconds
2017-09-01 17:41:23,296 - root - INFO - FAIL    Unable to click element: <css->.loginHeaderDefaultSubNotice_1fdD9>span>, Spend 5.0764665603637695 seconds
2017-09-01 17:41:26,343 - root - INFO - SUCCESS    Closed all window and quit the driver, Spend 3.0451247692108154 seconds
2017-09-01 17:41:26,345 - root - INFO - ###############################  End  ###############################
2017-09-01 17:41:30,063 - root - INFO - 发送邮件成功
2017-09-01 18:00:43,446 - root - INFO - ############################### START ###############################
2017-09-01 18:00:46,981 - root - INFO - SUCCESS    Start a new browser: chrome, Spend 3.5352282524108887 seconds
2017-09-01 18:00:47,641 - root - INFO - SUCCESS    Navigated to http://testing-www.intranet.szjys.com/, Spend 0.6582846641540527 seconds
2017-09-01 18:00:48,814 - root - INFO - SUCCESS    Set browser window maximized, Spend 1.1721158027648926 seconds
2017-09-01 18:00:53,954 - root - INFO - FAIL    Unable to click element: <link_text->"使用手机/邮箱登录">, Spend 5.138620376586914 seconds
2017-09-01 18:00:57,026 - root - INFO - SUCCESS    Closed all window and quit the driver, Spend 3.070080041885376 seconds
2017-09-01 18:00:57,028 - root - INFO - ###############################  End  ###############################
2017-09-01 18:01:00,645 - root - INFO - 发送邮件成功
2017-09-01 18:02:02,015 - root - INFO - ############################### START ###############################
2017-09-01 18:02:05,738 - root - INFO - SUCCESS    Start a new browser: chrome, Spend 3.722358465194702 seconds
2017-09-01 18:02:06,484 - root - INFO - SUCCESS    Navigated to http://testing-www.intranet.szjys.com/, Spend 0.7452774047851562 seconds
2017-09-01 18:02:07,657 - root - INFO - SUCCESS    Set browser window maximized, Spend 1.1721134185791016 seconds
2017-09-01 18:02:12,773 - root - INFO - FAIL    Unable to click element: <link_text->使用手机/邮箱登录>, Spend 5.1158668994903564 seconds
2017-09-01 18:02:15,834 - root - INFO - SUCCESS    Closed all window and quit the driver, Spend 3.058131694793701 seconds
2017-09-01 18:02:15,835 - root - INFO - ###############################  End  ###############################
2017-09-01 18:02:19,505 - root - INFO - 发送邮件成功
2017-09-01 18:02:48,894 - root - INFO - ############################### START ###############################
2017-09-01 18:02:52,418 - root - INFO - SUCCESS    Start a new browser: chrome, Spend 3.5226945877075195 seconds
2017-09-01 18:02:53,059 - root - INFO - SUCCESS    Navigated to http://testing-www.intranet.szjys.com/, Spend 0.6390254497528076 seconds
2017-09-01 18:02:54,206 - root - INFO - SUCCESS    Set browser window maximized, Spend 1.147451400756836 seconds
2017-09-01 18:02:54,272 - root - INFO - SUCCESS    Clicked element: <link_text->使用邮箱/手机登录>, Spend 0.06489157676696777 seconds
2017-09-01 18:02:57,308 - root - INFO - SUCCESS    Closed all window and quit the driver, Spend 3.034647226333618 seconds
2017-09-01 18:02:57,308 - root - INFO - ###############################  End  ###############################
2017-09-01 18:03:00,979 - root - INFO - 发送邮件成功
2017-09-01 18:04:23,218 - root - INFO - ############################### START ###############################
2017-09-01 18:04:26,734 - root - INFO - SUCCESS    Start a new browser: chrome, Spend 3.5144078731536865 seconds
2017-09-01 18:04:27,420 - root - INFO - SUCCESS    Navigated to http://testing-www.intranet.szjys.com/, Spend 0.6860220432281494 seconds
2017-09-01 18:04:28,602 - root - INFO - SUCCESS    Set browser window maximized, Spend 1.1811408996582031 seconds
2017-09-01 18:04:28,671 - root - INFO - SUCCESS    Clicked element: <link_text->使用邮箱/手机登录>, Spend 0.06661391258239746 seconds
2017-09-01 18:04:31,704 - root - INFO - SUCCESS    Closed all window and quit the driver, Spend 3.031381368637085 seconds
2017-09-01 18:04:31,706 - root - INFO - ###############################  End  ###############################
2017-09-01 18:04:35,260 - root - INFO - 发送邮件成功
2017-09-01 18:07:33,532 - root - INFO - ############################### START ###############################
2017-09-01 18:07:37,235 - root - INFO - SUCCESS    Start a new browser: chrome, Spend 3.7026755809783936 seconds
2017-09-01 18:07:37,944 - root - INFO - SUCCESS    Navigated to http://testing-www.intranet.szjys.com/, Spend 0.7081842422485352 seconds
2017-09-01 18:07:39,093 - root - INFO - SUCCESS    Set browser window maximized, Spend 1.1486191749572754 seconds
2017-09-01 18:07:39,158 - root - INFO - SUCCESS    Clicked element: <link_text->使用邮箱/手机登录>, Spend 0.0642547607421875 seconds
2017-09-01 18:07:42,196 - root - INFO - SUCCESS    Closed all window and quit the driver, Spend 3.036609411239624 seconds
2017-09-01 18:07:42,197 - root - INFO - ###############################  End  ###############################
2017-09-01 18:07:45,794 - root - INFO - 发送邮件成功
2017-09-01 18:09:36,944 - root - INFO - ############################### START ###############################
2017-09-01 18:09:40,433 - root - INFO - SUCCESS    Start a new browser: chrome, Spend 3.489394426345825 seconds
2017-09-01 18:09:41,102 - root - INFO - SUCCESS    Navigated to http://testing-www.intranet.szjys.com/, Spend 0.6674635410308838 seconds
2017-09-01 18:09:42,285 - root - INFO - SUCCESS    Set browser window maximized, Spend 1.1822118759155273 seconds
2017-09-01 18:09:42,350 - root - INFO - SUCCESS    Clicked element: <link_text->使用邮箱/手机登录>, Spend 0.06477069854736328 seconds
2017-09-01 18:09:45,400 - root - INFO - SUCCESS    Closed all window and quit the driver, Spend 3.0483384132385254 seconds
2017-09-01 18:09:45,403 - root - INFO - ###############################  End  ###############################
2017-09-01 18:09:49,116 - root - INFO - 发送邮件成功
2017-09-01 18:10:32,169 - root - INFO - ############################### START ###############################
2017-09-01 18:10:35,669 - root - INFO - SUCCESS    Start a new browser: chrome, Spend 3.498779296875 seconds
2017-09-01 18:10:36,317 - root - INFO - SUCCESS    Navigated to http://testing-www.intranet.szjys.com/, Spend 0.6467225551605225 seconds
2017-09-01 18:10:37,490 - root - INFO - SUCCESS    Set browser window maximized, Spend 1.1727266311645508 seconds
2017-09-01 18:10:37,556 - root - INFO - SUCCESS    Clicked element: <link_text->使用邮箱/手机登录>, Spend 0.06502938270568848 seconds
2017-09-01 18:10:40,600 - root - INFO - SUCCESS    Closed all window and quit the driver, Spend 3.0423169136047363 seconds
2017-09-01 18:10:40,602 - root - INFO - ###############################  End  ###############################
2017-09-01 18:10:44,412 - root - INFO - 发送邮件成功
2017-09-01 18:11:27,180 - root - INFO - ############################### START ###############################
2017-09-01 18:11:30,732 - root - INFO - SUCCESS    Start a new browser: chrome, Spend 3.550377368927002 seconds
2017-09-01 18:11:31,414 - root - INFO - SUCCESS    Navigated to http://testing-www.intranet.szjys.com/, Spend 0.6800520420074463 seconds
2017-09-01 18:11:32,565 - root - INFO - SUCCESS    Set browser window maximized, Spend 1.149059534072876 seconds
2017-09-01 18:11:32,643 - root - INFO - SUCCESS    Clicked element: <link_text->使用邮箱/手机登录>, Spend 0.07537126541137695 seconds
2017-09-01 18:11:35,684 - root - INFO - SUCCESS    Closed all window and quit the driver, Spend 3.0393266677856445 seconds
2017-09-01 18:11:35,687 - root - INFO - ###############################  End  ###############################
2017-09-01 18:11:39,269 - root - INFO - 发送邮件成功
2017-09-01 18:13:09,658 - root - INFO - ############################### START ###############################
2017-09-01 18:13:13,182 - root - INFO - SUCCESS    Start a new browser: chrome, Spend 3.5228562355041504 seconds
2017-09-01 18:13:13,919 - root - INFO - SUCCESS    Navigated to http://testing-www.intranet.szjys.com/, Spend 0.7357780933380127 seconds
2017-09-01 18:13:15,100 - root - INFO - SUCCESS    Set browser window maximized, Spend 1.1802821159362793 seconds
2017-09-01 18:13:15,164 - root - INFO - SUCCESS    Clicked element: <link_text->使用邮箱/手机登录>, Spend 0.06328630447387695 seconds
2017-09-01 18:13:18,196 - root - INFO - SUCCESS    Closed all window and quit the driver, Spend 3.0303988456726074 seconds
2017-09-01 18:13:18,197 - root - INFO - ###############################  End  ###############################
2017-09-01 18:13:21,793 - root - INFO - 发送邮件成功
2017-09-01 18:40:57,397 - root - INFO - ############################### START ###############################
2017-09-01 18:41:00,961 - root - INFO - SUCCESS    Start a new browser: chrome, Spend 3.564483880996704 seconds
2017-09-01 18:41:01,675 - root - INFO - SUCCESS    Navigated to http://testing-www.intranet.szjys.com/, Spend 0.7114949226379395 seconds
2017-09-01 18:41:02,815 - root - INFO - SUCCESS    Set browser window maximized, Spend 1.1391136646270752 seconds
2017-09-01 18:41:02,875 - root - INFO - SUCCESS    Clicked element: <link_text->使用邮箱/手机登录>, Spend 0.058887481689453125 seconds
2017-09-01 18:41:04,006 - root - INFO - SUCCESS    Clicked element: <link_text->忘记密码？>, Spend 1.1312716007232666 seconds
2017-09-01 18:41:07,043 - root - INFO - SUCCESS    Closed all window and quit the driver, Spend 3.0347445011138916 seconds
2017-09-01 18:41:07,045 - root - INFO - ###############################  End  ###############################
2017-09-01 18:41:10,586 - root - INFO - 发送邮件成功
2017-09-01 18:41:50,824 - root - INFO - ############################### START ###############################
2017-09-01 18:41:54,334 - root - INFO - SUCCESS    Start a new browser: chrome, Spend 3.508411407470703 seconds
2017-09-01 18:41:55,018 - root - INFO - SUCCESS    Navigated to http://testing-www.intranet.szjys.com/, Spend 0.6830239295959473 seconds
2017-09-01 18:41:56,191 - root - INFO - SUCCESS    Set browser window maximized, Spend 1.1726045608520508 seconds
2017-09-01 18:41:56,257 - root - INFO - SUCCESS    Clicked element: <link_text->使用邮箱/手机登录>, Spend 0.06477117538452148 seconds
2017-09-01 18:41:56,389 - root - INFO - SUCCESS    Clicked element: <link_text->忘记密码？>, Spend 0.13130712509155273 seconds
2017-09-01 18:41:59,438 - root - INFO - SUCCESS    Closed all window and quit the driver, Spend 3.0473384857177734 seconds
2017-09-01 18:41:59,439 - root - INFO - ###############################  End  ###############################
2017-09-01 18:42:03,007 - root - INFO - 发送邮件成功
2017-09-01 19:30:11,528 - root - INFO - ############################### START ###############################
2017-09-01 19:30:15,090 - root - INFO - SUCCESS    Start a new browser: chrome, Spend 3.560044050216675 seconds
2017-09-01 19:30:15,788 - root - INFO - SUCCESS    Navigated to http://testing-www.intranet.szjys.com/, Spend 0.6967885494232178 seconds
2017-09-01 19:30:16,959 - root - INFO - SUCCESS    Set browser window maximized, Spend 1.1684989929199219 seconds
2017-09-01 19:30:22,077 - root - INFO - FAIL    Unable to click element: <css->div.^market>p:nth-child(2)>, Spend 5.11793851852417 seconds
2017-09-01 19:30:25,127 - root - INFO - SUCCESS    Closed all window and quit the driver, Spend 3.048135995864868 seconds
2017-09-01 19:30:25,129 - root - INFO - ###############################  End  ###############################
2017-09-01 19:30:25,134 - root - INFO - ############################### START ###############################
2017-09-01 19:30:29,432 - root - INFO - SUCCESS    Start a new browser: chrome, Spend 4.297004222869873 seconds
2017-09-01 19:30:30,094 - root - INFO - SUCCESS    Navigated to http://testing-www.intranet.szjys.com/, Spend 0.6618990898132324 seconds
2017-09-01 19:30:31,257 - root - INFO - SUCCESS    Set browser window maximized, Spend 1.1621510982513428 seconds
2017-09-01 19:30:31,322 - root - INFO - SUCCESS    Clicked element: <link_text->使用邮箱/手机登录>, Spend 0.0637671947479248 seconds
2017-09-01 19:30:34,352 - root - INFO - SUCCESS    Closed all window and quit the driver, Spend 3.028526782989502 seconds
2017-09-01 19:30:34,352 - root - INFO - ###############################  End  ###############################
2017-09-01 19:30:34,353 - root - INFO - ############################### START ###############################
2017-09-01 19:31:52,984 - root - INFO - ############################### START ###############################
2017-09-01 19:31:56,508 - root - INFO - SUCCESS    Start a new browser: chrome, Spend 3.5219945907592773 seconds
2017-09-01 19:31:57,187 - root - INFO - SUCCESS    Navigated to http://testing-www.intranet.szjys.com/, Spend 0.6775772571563721 seconds
2017-09-01 19:31:58,363 - root - INFO - SUCCESS    Set browser window maximized, Spend 1.174989938735962 seconds
2017-09-01 19:32:03,449 - root - INFO - FAIL    Unable to click element: <css->div.^market>p:nth-child(2)>, Spend 5.085408926010132 seconds
2017-09-01 19:32:06,512 - root - INFO - SUCCESS    Closed all window and quit the driver, Spend 3.0612449645996094 seconds
2017-09-01 19:32:06,513 - root - INFO - ###############################  End  ###############################
2017-09-01 19:32:06,518 - root - INFO - ############################### START ###############################
2017-09-01 19:32:10,102 - root - INFO - SUCCESS    Start a new browser: chrome, Spend 3.584130048751831 seconds
2017-09-01 19:32:10,780 - root - INFO - SUCCESS    Navigated to http://testing-www.intranet.szjys.com/, Spend 0.6761870384216309 seconds
2017-09-01 19:32:11,926 - root - INFO - SUCCESS    Set browser window maximized, Spend 1.1457476615905762 seconds
2017-09-01 19:32:11,990 - root - INFO - SUCCESS    Clicked element: <link_text->使用邮箱/手机登录>, Spend 0.06285333633422852 seconds
2017-09-01 19:32:15,029 - root - INFO - SUCCESS    Closed all window and quit the driver, Spend 3.037248373031616 seconds
2017-09-01 19:32:15,031 - root - INFO - ###############################  End  ###############################
2017-09-01 19:32:18,623 - root - INFO - 发送邮件成功
2017-09-01 19:35:52,206 - root - INFO - ############################### START ###############################
2017-09-01 19:35:55,752 - root - INFO - SUCCESS    Start a new browser: chrome, Spend 3.54411244392395 seconds
2017-09-01 19:35:56,496 - root - INFO - SUCCESS    Navigated to http://testing-www.intranet.szjys.com/, Spend 0.7424464225769043 seconds
2017-09-01 19:35:57,668 - root - INFO - SUCCESS    Set browser window maximized, Spend 1.1717345714569092 seconds
2017-09-01 19:36:02,757 - root - INFO - FAIL    Unable to click element: <css->.^market>p:nth-child(2)>, Spend 5.0880210399627686 seconds
2017-09-01 19:36:05,828 - root - INFO - SUCCESS    Closed all window and quit the driver, Spend 3.0696704387664795 seconds
2017-09-01 19:36:05,829 - root - INFO - ###############################  End  ###############################
2017-09-01 19:36:05,833 - root - INFO - ############################### START ###############################
2017-09-01 19:36:09,876 - root - INFO - SUCCESS    Start a new browser: chrome, Spend 4.043034791946411 seconds
2017-09-01 19:36:10,596 - root - INFO - SUCCESS    Navigated to http://testing-www.intranet.szjys.com/, Spend 0.7171063423156738 seconds
2017-09-01 19:36:11,752 - root - INFO - SUCCESS    Set browser window maximized, Spend 1.1556026935577393 seconds
2017-09-01 19:36:11,817 - root - INFO - SUCCESS    Clicked element: <link_text->使用邮箱/手机登录>, Spend 0.0641782283782959 seconds
2017-09-01 19:36:14,867 - root - INFO - SUCCESS    Closed all window and quit the driver, Spend 3.048255443572998 seconds
2017-09-01 19:36:14,869 - root - INFO - ###############################  End  ###############################
2017-09-01 19:41:18,259 - root - INFO - ############################### START ###############################
2017-09-01 19:41:21,962 - root - INFO - SUCCESS    Start a new browser: chrome, Spend 3.7029519081115723 seconds
2017-09-01 19:41:22,676 - root - INFO - SUCCESS    Navigated to http://testing-www.intranet.szjys.com/, Spend 0.7114276885986328 seconds
2017-09-01 19:41:23,850 - root - INFO - SUCCESS    Set browser window maximized, Spend 1.1735482215881348 seconds
2017-09-01 19:41:28,937 - root - INFO - FAIL    Unable to click element: <css->div[class^="markets_"]>p:nth-child(2)>, Spend 5.085650444030762 seconds
2017-09-01 19:41:32,017 - root - INFO - SUCCESS    Closed all window and quit the driver, Spend 3.077479839324951 seconds
2017-09-01 19:41:32,020 - root - INFO - ###############################  End  ###############################
2017-09-01 19:41:32,027 - root - INFO - ############################### START ###############################
2017-09-01 19:41:35,573 - root - INFO - SUCCESS    Start a new browser: chrome, Spend 3.544466495513916 seconds
2017-09-01 19:41:36,365 - root - INFO - SUCCESS    Navigated to http://testing-www.intranet.szjys.com/, Spend 0.7915217876434326 seconds
2017-09-01 19:41:37,504 - root - INFO - SUCCESS    Set browser window maximized, Spend 1.1377646923065186 seconds
2017-09-01 19:41:37,558 - root - INFO - SUCCESS    Clicked element: <link_text->使用邮箱/手机登录>, Spend 0.05414438247680664 seconds
2017-09-01 19:41:40,592 - root - INFO - SUCCESS    Closed all window and quit the driver, Spend 3.0319578647613525 seconds
2017-09-01 19:41:40,594 - root - INFO - ###############################  End  ###############################
2017-09-01 19:42:47,652 - root - INFO - ############################### START ###############################
2017-09-01 19:42:51,428 - root - INFO - SUCCESS    Start a new browser: chrome, Spend 3.7768170833587646 seconds
2017-09-01 19:42:52,158 - root - INFO - SUCCESS    Navigated to http://testing-www.intranet.szjys.com/, Spend 0.728898286819458 seconds
2017-09-01 19:42:53,347 - root - INFO - SUCCESS    Set browser window maximized, Spend 1.1882433891296387 seconds
2017-09-01 19:42:58,409 - root - INFO - FAIL    Unable to click element: <css->div[class^="markets_"]>p:nth-child(2)>, Spend 5.062337875366211 seconds
2017-09-01 19:43:01,440 - root - INFO - SUCCESS    Closed all window and quit the driver, Spend 3.030771493911743 seconds
2017-09-01 19:43:01,441 - root - INFO - ###############################  End  ###############################
2017-09-01 19:43:01,442 - root - INFO - ############################### START ###############################
2017-09-01 19:43:05,157 - root - INFO - SUCCESS    Start a new browser: chrome, Spend 3.7152018547058105 seconds
2017-09-01 19:43:05,868 - root - INFO - SUCCESS    Navigated to http://testing-www.intranet.szjys.com/, Spend 0.7100560665130615 seconds
2017-09-01 19:43:07,061 - root - INFO - SUCCESS    Set browser window maximized, Spend 1.1935434341430664 seconds
2017-09-01 19:43:07,126 - root - INFO - SUCCESS    Clicked element: <link_text->使用邮箱/手机登录>, Spend 0.062470197677612305 seconds
2017-09-01 19:43:10,158 - root - INFO - SUCCESS    Closed all window and quit the driver, Spend 3.031745433807373 seconds
2017-09-01 19:43:10,160 - root - INFO - ###############################  End  ###############################
2017-09-01 19:44:59,572 - root - INFO - ############################### START ###############################
2017-09-01 19:45:03,123 - root - INFO - SUCCESS    Start a new browser: chrome, Spend 3.5491912364959717 seconds
2017-09-01 19:45:03,836 - root - INFO - SUCCESS    Navigated to http://testing-www.intranet.szjys.com/, Spend 0.713280439376831 seconds
2017-09-01 19:45:05,006 - root - INFO - SUCCESS    Set browser window maximized, Spend 1.1683640480041504 seconds
2017-09-01 19:45:10,094 - root - INFO - FAIL    Unable to click element: <css->div.markets_35IJE>p:nth-child(2)>, Spend 5.088136672973633 seconds
2017-09-01 19:45:13,131 - root - INFO - SUCCESS    Closed all window and quit the driver, Spend 3.036465644836426 seconds
2017-09-01 19:45:13,132 - root - INFO - ###############################  End  ###############################
2017-09-01 19:45:13,134 - root - INFO - ############################### START ###############################
2017-09-01 19:45:16,693 - root - INFO - SUCCESS    Start a new browser: chrome, Spend 3.5583345890045166 seconds
2017-09-01 19:45:17,400 - root - INFO - SUCCESS    Navigated to http://testing-www.intranet.szjys.com/, Spend 0.7051122188568115 seconds
2017-09-01 19:45:18,539 - root - INFO - SUCCESS    Set browser window maximized, Spend 1.1379315853118896 seconds
2017-09-01 19:45:18,592 - root - INFO - SUCCESS    Clicked element: <link_text->使用邮箱/手机登录>, Spend 0.05314302444458008 seconds
2017-09-01 19:45:21,627 - root - INFO - SUCCESS    Closed all window and quit the driver, Spend 3.032404899597168 seconds
2017-09-01 19:45:21,629 - root - INFO - ###############################  End  ###############################
2017-09-01 19:45:44,438 - root - INFO - ############################### START ###############################
2017-09-01 19:45:48,151 - root - INFO - SUCCESS    Start a new browser: chrome, Spend 3.7134077548980713 seconds
2017-09-01 19:45:48,839 - root - INFO - SUCCESS    Navigated to http://testing-www.intranet.szjys.com/, Spend 0.6860623359680176 seconds
2017-09-01 19:45:50,028 - root - INFO - SUCCESS    Set browser window maximized, Spend 1.1883597373962402 seconds
2017-09-01 19:45:55,144 - root - INFO - FAIL    Unable to click element: <css->.markets_35IJE>p:nth-child(2)>, Spend 5.115119457244873 seconds
2017-09-01 19:45:58,211 - root - INFO - SUCCESS    Closed all window and quit the driver, Spend 3.065239906311035 seconds
2017-09-01 19:45:58,214 - root - INFO - ###############################  End  ###############################
2017-09-01 19:45:58,219 - root - INFO - ############################### START ###############################
2017-09-01 19:46:01,992 - root - INFO - SUCCESS    Start a new browser: chrome, Spend 3.77093505859375 seconds
2017-09-01 19:46:02,757 - root - INFO - SUCCESS    Navigated to http://testing-www.intranet.szjys.com/, Spend 0.7641315460205078 seconds
2017-09-01 19:46:03,908 - root - INFO - SUCCESS    Set browser window maximized, Spend 1.1500210762023926 seconds
2017-09-01 19:46:04,026 - root - INFO - SUCCESS    Clicked element: <link_text->使用邮箱/手机登录>, Spend 0.11832165718078613 seconds
2017-09-01 19:46:07,064 - root - INFO - SUCCESS    Closed all window and quit the driver, Spend 3.0364997386932373 seconds
2017-09-01 19:46:07,064 - root - INFO - ###############################  End  ###############################
2017-09-01 19:48:53,007 - root - INFO - ############################### START ###############################
2017-09-01 19:48:56,789 - root - INFO - SUCCESS    Start a new browser: chrome, Spend 3.780841588973999 seconds
2017-09-01 19:48:57,521 - root - INFO - SUCCESS    Navigated to http://testing-www.intranet.szjys.com/, Spend 0.731647253036499 seconds
2017-09-01 19:48:58,690 - root - INFO - SUCCESS    Set browser window maximized, Spend 1.1678025722503662 seconds
2017-09-01 19:48:58,741 - root - INFO - SUCCESS    Clicked element: <css->.market_2QYx2>, Spend 0.04967355728149414 seconds
2017-09-01 19:49:05,843 - root - INFO - FAIL    Unable to get element text element: <css->.loginHeaderCurrencyContent_19Rrh>p>, Spend 5.0999064445495605 seconds
2017-09-01 19:49:08,909 - root - INFO - SUCCESS    Closed all window and quit the driver, Spend 3.0653929710388184 seconds
2017-09-01 19:49:08,910 - root - INFO - ###############################  End  ###############################
2017-09-01 19:49:08,914 - root - INFO - ############################### START ###############################
2017-09-01 19:49:12,633 - root - INFO - SUCCESS    Start a new browser: chrome, Spend 3.717463970184326 seconds
2017-09-01 19:49:13,338 - root - INFO - SUCCESS    Navigated to http://testing-www.intranet.szjys.com/, Spend 0.7040867805480957 seconds
2017-09-01 19:49:14,495 - root - INFO - SUCCESS    Set browser window maximized, Spend 1.1566250324249268 seconds
2017-09-01 19:49:14,548 - root - INFO - SUCCESS    Clicked element: <link_text->使用邮箱/手机登录>, Spend 0.051866769790649414 seconds
2017-09-01 19:49:17,580 - root - INFO - SUCCESS    Closed all window and quit the driver, Spend 3.030653715133667 seconds
2017-09-01 19:49:17,581 - root - INFO - ###############################  End  ###############################
2017-09-01 19:59:25,699 - root - INFO - ############################### START ###############################
2017-09-01 19:59:29,491 - root - INFO - SUCCESS    Start a new browser: chrome, Spend 3.7923476696014404 seconds
2017-09-01 19:59:30,209 - root - INFO - SUCCESS    Navigated to http://testing-www.intranet.szjys.com/, Spend 0.7161948680877686 seconds
2017-09-01 19:59:31,367 - root - INFO - SUCCESS    Set browser window maximized, Spend 1.1571428775787354 seconds
2017-09-01 19:59:36,430 - root - INFO - FAIL    Unable to click element: <css->div[class^=markets_]>p:nth-child(2)>, Spend 5.062240362167358 seconds
2017-09-01 19:59:39,465 - root - INFO - SUCCESS    Closed all window and quit the driver, Spend 3.0317625999450684 seconds
2017-09-01 19:59:39,467 - root - INFO - ###############################  End  ###############################
2017-09-01 19:59:39,472 - root - INFO - ############################### START ###############################
2017-09-01 19:59:43,179 - root - INFO - SUCCESS    Start a new browser: chrome, Spend 3.7065255641937256 seconds
2017-09-01 19:59:43,890 - root - INFO - SUCCESS    Navigated to http://testing-www.intranet.szjys.com/, Spend 0.7090120315551758 seconds
2017-09-01 19:59:45,062 - root - INFO - SUCCESS    Set browser window maximized, Spend 1.1705784797668457 seconds
2017-09-01 19:59:45,114 - root - INFO - SUCCESS    Clicked element: <link_text->使用邮箱/手机登录>, Spend 0.051210641860961914 seconds
2017-09-01 19:59:48,161 - root - INFO - SUCCESS    Closed all window and quit the driver, Spend 3.0457468032836914 seconds
2017-09-01 19:59:48,163 - root - INFO - ###############################  End  ###############################
2017-09-01 20:02:52,446 - root - INFO - ############################### START ###############################
2017-09-01 20:02:56,238 - root - INFO - SUCCESS    Start a new browser: chrome, Spend 3.791483163833618 seconds
2017-09-01 20:02:56,952 - root - INFO - SUCCESS    Navigated to http://testing-www.intranet.szjys.com/, Spend 0.7137317657470703 seconds
2017-09-01 20:02:58,138 - root - INFO - SUCCESS    Set browser window maximized, Spend 1.1842079162597656 seconds
2017-09-01 20:03:03,236 - root - INFO - FAIL    Unable to click element: <css->.^markets_>p:nth-child(2)>, Spend 5.097748279571533 seconds
2017-09-01 20:03:06,281 - root - INFO - SUCCESS    Closed all window and quit the driver, Spend 3.044325113296509 seconds
2017-09-01 20:03:06,282 - root - INFO - ###############################  End  ###############################
2017-09-01 20:03:06,285 - root - INFO - ############################### START ###############################
2017-09-01 20:03:09,852 - root - INFO - SUCCESS    Start a new browser: chrome, Spend 3.566627264022827 seconds
2017-09-01 20:03:10,571 - root - INFO - SUCCESS    Navigated to http://testing-www.intranet.szjys.com/, Spend 0.7185614109039307 seconds
2017-09-01 20:03:11,742 - root - INFO - SUCCESS    Set browser window maximized, Spend 1.1695313453674316 seconds
2017-09-01 20:03:11,813 - root - INFO - SUCCESS    Clicked element: <link_text->使用邮箱/手机登录>, Spend 0.07012462615966797 seconds
2017-09-01 20:03:14,864 - root - INFO - SUCCESS    Closed all window and quit the driver, Spend 3.0487780570983887 seconds
2017-09-01 20:03:14,866 - root - INFO - ###############################  End  ###############################
2017-09-01 20:04:28,009 - root - INFO - ############################### START ###############################
2017-09-01 20:04:31,544 - root - INFO - SUCCESS    Start a new browser: chrome, Spend 3.5343575477600098 seconds
2017-09-01 20:04:32,244 - root - INFO - SUCCESS    Navigated to http://testing-www.intranet.szjys.com/, Spend 0.6997342109680176 seconds
2017-09-01 20:04:33,425 - root - INFO - ############################### START ###############################
2017-09-01 20:04:37,018 - root - INFO - SUCCESS    Start a new browser: chrome, Spend 3.5919270515441895 seconds
2017-09-01 20:04:37,745 - root - INFO - SUCCESS    Navigated to http://testing-www.intranet.szjys.com/, Spend 0.7264337539672852 seconds
2017-09-01 20:04:38,917 - root - INFO - SUCCESS    Set browser window maximized, Spend 1.1710124015808105 seconds
2017-09-01 20:04:38,978 - root - INFO - SUCCESS    Clicked element: <link_text->使用邮箱/手机登录>, Spend 0.060111045837402344 seconds
2017-09-01 20:04:42,010 - root - INFO - SUCCESS    Closed all window and quit the driver, Spend 3.028961181640625 seconds
2017-09-01 20:04:42,011 - root - INFO - ###############################  End  ###############################
2017-09-01 20:04:54,707 - root - INFO - ############################### START ###############################
2017-09-01 20:04:58,502 - root - INFO - SUCCESS    Start a new browser: chrome, Spend 3.7941462993621826 seconds
2017-09-01 20:04:59,177 - root - INFO - SUCCESS    Navigated to http://testing-www.intranet.szjys.com/, Spend 0.6735062599182129 seconds
2017-09-01 20:05:00,353 - root - INFO - SUCCESS    Set browser window maximized, Spend 1.1751430034637451 seconds
2017-09-01 20:05:00,410 - root - INFO - SUCCESS    Clicked element: <css->div[class^="markets_"]>span:nth-child(2)>, Spend 0.0565333366394043 seconds
2017-09-01 20:05:05,469 - root - INFO - SUCCESS    Closed all window and quit the driver, Spend 3.0572547912597656 seconds
2017-09-01 20:05:05,470 - root - INFO - ###############################  End  ###############################
2017-09-01 20:05:05,471 - root - INFO - ############################### START ###############################
2017-09-01 20:05:09,061 - root - INFO - SUCCESS    Start a new browser: chrome, Spend 3.588829517364502 seconds
2017-09-01 20:05:09,766 - root - INFO - SUCCESS    Navigated to http://testing-www.intranet.szjys.com/, Spend 0.7048141956329346 seconds
2017-09-01 20:05:10,941 - root - INFO - SUCCESS    Set browser window maximized, Spend 1.1745624542236328 seconds
2017-09-01 20:05:11,006 - root - INFO - SUCCESS    Clicked element: <link_text->使用邮箱/手机登录>, Spend 0.06464338302612305 seconds
2017-09-01 20:05:14,039 - root - INFO - SUCCESS    Closed all window and quit the driver, Spend 3.031525135040283 seconds
2017-09-01 20:05:14,040 - root - INFO - ###############################  End  ###############################
